796489 910767 525
85371 230974 443
663797 185217 509
140945 399307 443
798960 103283 509
453578 316195 449
681451 613717 509
74129 146233 375
126481 500621 449
264530 449770 449
79864 680712 509
180481 40703 383
292674 463435 449
681731 471247 509
787606 893672 525
166205 249218 443
663222 521995 509
13176 626864 509
707582 731700 411
477358 611367 470
342712 634687 509
960564 671179 525
626782 122975 509
369667 589400 470
865645 9513 525
263012 664388 509
656034 748172 504
683768 587455 509
227540 922783 525
967649 350492 525
438061 258707 449
201745 116873 383
592454 313799 470
263597 154810 443
647390 860667 525
202269 991717 525
855415 663324 525
582387 888038 525
332942 595965 470
494197 436482 444
192693 585703 470
718792 520456 509
740558 598663 509
616827 47699 470
565542 922565 525
650094 234669 509
244779 146806 443
715102 332430 509
702476 436263 509
155342 201154 383
638252 10650 509
477074 925672 525
268098 384525 441
770555 423382 509
369487 521781 470
302362 67930 443
280253 302154 389
131443 227420 386
256337 882108 525
259648 844511 525
945357 265667 525
242078 669414 509
241061 366164 441
454104 290419 449
890779 924143 476
619471 936554 525
876281 578581 525
867459 82965 525
825259 707735 468
228480 155009 386
750710 738634 424
535463 433093 470
308185 922711 525
232664 485730 449
105150 486767 449
618105 939078 525
965661 879003 507
865254 817323 525
766062 160945 509
256053 119709 443
92040 423970 449
927716 439256 525
418395 133297 449
602081 867599 525
237063 459966 449
852534 172233 525
662679 370048 509
872272 303334 525
348637 559954 470
104362 891328 525
866154 630564 525
874907 608685 525
438570 485586 444
58360 70816 335
904538 341137 525
186663 740655 509
804008 152710 509
90177 397999 443
551334 722033 509
589283 377659 470
538345 60038 470
68818 712148 509
342020 903964 525
398792 470562 449
259100 402814 441
935135 601369 525
176232 949024 525
567577 507447 470
867976 912620 476
754186 230889 509
269374 230009 443
583330 91405 470
852045 829789 525
500699 12498 449
262509 757017 509
868219 584188 525
650983 830579 504
725702 49028 509
390419 640225 509
238788 83932 443
397612 674017 509
477098 192336 449
984973 517862 525
137192 464200 449
404043 97580 443
781326 542634 509
737902 14380 509
999260 494108 525
388876 258923 441
833380 440871 509
907332 962350 507
301662 601783 470
620372 199048 470
767624 595071 509
691800 764627 504
635960 866553 525
862304 369853 525
912192 877515 476
811628 257722 509
877116 981381 507
440838 148567 449
436346 878407 525
145468 10607 375
502855 804736 509
780153 465078 509
317586 26385 443
945663 835570 525
252288 498384 449
137028 536522 470
530059 954280 525
1 1 1
