1 10 20
100 200 125
201 210 89
900 1000 174
1 10 20
1 1 1
1 2 2
2 1 2
10 1 20
2048 2048 12
2048 2049 157
2048 4096 238
4096 2048 238
1 499999 449
499999 1 449
500000 999999 525
999999 500000 525
999999 100000 525
123456 789101 509
987654 321012 525
1 999999 525
999999 1 525
999999 999999 259
100 101 26
101 100 26
5415 6498 262
1235 78925 351
154621 156876 383
789557 465789 509
546875 468916 470
161015 876510 525
104149 491023 449
416876 578041 470
987651 686504 525
987645 651654 525
658798 167700 509
945612 354078 525
987045 654987 525
1 100 119
101 200 125
201 300 128
301 400 144
401 500 142
501 600 137
601 700 145
701 800 171
801 900 179
901 1000 174
1001 2000 182
2001 3000 217
3001 4000 238
4001 5000 215
5001 6000 236
6001 7000 262
7001 8000 252
8001 9000 247
9001 10000 260
10001 20000 279
20001 30000 308
30001 40000 324
40001 50000 314
50001 60000 340
60001 70000 335
70001 80000 351
80001 90000 333
90001 100000 333
100001 200000 383
200001 300000 443
300001 400000 441
400001 500000 449
500001 600000 470
600001 700000 509
700001 800000 504
800001 900000 525
900001 999999 507
1 1000 179
100 10000 262
10000 100000 351
100000 999999 525
867 5309 238
123 321 131
50 100 119
100 150 122
468 7894 262
64665 123456 354
52 10005 262
6871 3013 262
456 457 129
457 458 129
458 459 129
459 460 129
460 461 36
461 462 129
462 463 129
463 464 129
464 465 36
456 465 129
10 20 21
20 30 112
30 40 107
40 50 110
50 60 113
60 70 108
70 80 116
80 90 111
90 100 119
10 100 119
789453 165454 509
999999 999998 259
999998 999999 259
700000 700000 168
700001 700001 124
700000 700001 168
700001 700000 168
198704 984065 525
613160 156464 470
123123 123456 331
687613 156873 509
498732 654687 509
464565 512354 470
