1 10 20
100 200 125
201 210 89
900 1000 174
10 1 20
123456 123457 88
1 1 1
2 2 2
5 5 6
30000 30010 179
999999 1000000 259
1000 2000 182
1500 3000 217
2000 3000 217
1234 12345 268
12346 12349 113
9876 98765 351
87654 87659 240
998240 998250 228
166511 166515 184
166515 166511 184
195019 195016 99
195016 195019 99
903555 903560 158
903560 903555 158
725519 725519 119
99999 99999 227
2222 2223 183
22223 22240 163
725519 725560 212
466647 466680 307
844820 756809 525
75914 752905 509
384662 215792 443
228149 119092 386
582617 273688 470
233860 748037 509
628342 887117 525
4717 2296 238
788183 652272 504
448229 222837 449
26486 256947 443
659492 125431 509
980767 832073 525
2956 753996 509
878131 310490 525
342921 602448 470
286800 272744 389
116400 475541 449
11246 506656 449
310578 421309 449
536550 530775 377
484989 448051 444
217058 391480 443
577558 186832 470
570568 897470 525
246955 475687 449
665414 2995 509
69747 465120 449
266186 301649 407
651864 806795 504
444332 174296 449
31273 156926 383
3621 977246 525
883573 296018 525
198674 764770 509
770335 836534 468
455670 371790 449
126282 45951 354
647381 948410 525
280874 62133 443
41628 763533 509
798978 369371 509
582529 23780 470
643807 981216 525
465027 603834 470
307343 977808 525
785565 470021 509
951345 851176 507
647335 935660 525
540575 842392 525
676714 144910 509
396582 997821 525
741602 88378 509
377961 869231 525
492619 279586 449
517958 648127 509
135537 503025 449
150557 541501 470
500646 583700 470
768155 374757 509
762579 394689 509
940565 184273 525
921343 807113 525
421019 271744 449
806582 235606 509
564877 324065 470
371622 851528 525
283672 402455 441
639570 105519 509
297587 798833 509
540801 314339 470
971532 575677 525
53217 155133 375
499806 159304 449
766225 453547 509
845668 669719 525
79074 526649 470
366880 651180 509
73469 249420 443
508297 217760 449
924951 163346 525
109930 681335 509
558841 428474 470
300862 87346 443
325837 459388 449
543130 325236 470
828033 647668 504
12099 113831 354
191704 198058 360
667846 463368 509
472998 333219 449
860437 667837 525
906580 993009 507
482151 326617 449
607223 790576 509
566762 352867 470
241842 256749 363
782430 566526 509
431293 46038 449
675121 685107 385
58217 390138 443
638659 735365 504
334399 422983 449
787664 750678 468
960150 526855 525
851742 793373 525
58841 751174 509
346847 611310 470
