35465 66035 324
34475 78896 338
50644 82189 296
12964 40805 275
21525 30335 272
32317 53487 322
7461 68093 311
41982 93852 314
88515 94695 333
6652 34177 279
12247 47493 314
77960 83569 307
25197 58047 272
24301 74260 306
70964 72821 312
64166 73390 330
35906 95512 328
94051 97867 315
80436 92575 307
95111 98363 315
7865 47935 314
27981 42654 308
68191 70750 312
84446 89452 315
70072 83785 312
77639 81755 320
51021 95854 328
70367 82261 312
70908 92952 312
69857 71973 325
18801 70772 324
93727 97419 315
82728 92608 320
43509 46918 288
72830 90767 325
38274 60446 317
43495 44845 270
89617 92673 333
30614 35508 311
52129 99661 340
72651 97841 325
28484 55452 260
82638 98009 320
17342 43049 269
10170 27289 263
29299 32959 272
43652 81581 320
77759 93775 307
52322 71227 340
99574 99902 328
42572 47913 314
92196 93448 315
58889 87171 333
36941 49356 324
41774 53136 288
80726 95732 328
82296 93232 320
209 75499 307
26608 27347 308
94972 96539 297
13878 98580 296
81403 94821 320
98610 99806 328
75928 98551 325
20429 64228 285
16061 18700 271
30303 74196 306
83470 85934 320
60723 79015 335
33446 93417 314
98362 98996 284
7832 14736 271
36657 64172 324
22778 32506 269
54345 82265 322
79623 87887 338
90883 97200 315
21320 74142 306
81663 92741 320
24776 57549 304
38136 99239 328
98067 99618 328
75717 93154 325
43967 75856 307
66574 72367 268
32462 82880 320
6965 40714 275
73009 75828 307
64358 86226 330
94961 98516 284
50612 88169 333
7356 77485 351
88435 93339 333
78660 87681 351
50720 62002 296
51985 66608 278
67637 82731 320
75408 79108 325
46395 99667 328
77915 88347 333
