1 10 20
100 200 125
201 210 89
900 1000 174
1 1 1
999999 999999 259
1 999999 525
891178 972582 507
508847 728257 509
524188 807915 509
110605 553726 470
428065 693413 509
236323 520631 470
259843 328769 407
692650 883474 525
405498 543839 470
628475 650572 416
160512 280446 443
39697 736923 509
289245 368304 441
82805 676431 509
697749 851300 525
773762 874804 525
257235 414683 449
186563 565783 470
372623 783570 509
649864 783045 504
83548 344344 443
198354 542167 470
274891 440948 449
648875 973830 525
53123 976930 525
114230 162712 383
522726 785032 509
481135 667251 509
580221 948798 525
198257 945231 525
748879 954772 525
96374 137870 354
604259 731381 509
306775 899963 525
122952 564685 470
32331 994422 525
243730 574438 470
220838 938736 525
637979 895255 525
340391 636264 509
172455 344607 443
266156 780272 509
103439 436599 449
97064 362318 443
422831 669863 509
339918 858034 525
724967 978677 525
152973 844484 525
372962 863708 525
283962 497019 449
574758 892181 525
47490 634346 509
72664 500948 449
521878 975913 525
729472 960528 525
409139 678885 509
405729 965464 525
231961 471080 449
486077 987452 525
648693 752991 504
245962 421413 449
167425 678412 509
524731 680847 509
140327 615555 470
483127 836596 509
484109 720352 509
3886 526889 470
128419 607653 470
645342 817713 504
723696 919889 525
128930 860590 525
420199 946177 525
151269 276858 443
243618 585723 470
27511 903203 525
130841 335402 443
736941 842484 525
93170 181249 383
105305 721761 509
460303 681456 509
330982 922939 525
480377 720470 509
32454 990597 525
261276 366782 441
178928 335378 443
144857 653324 509
379024 678028 509
465168 765621 509
146609 844427 525
261218 399032 441
132637 618380 470
240722 511896 449
58336 683309 509
679427 935808 525
594179 923377 525
173863 337230 443
72304 841610 525
179303 430567 449
445807 647850 509
220882 358728 443
