1 10 20
100 200 125
201 210 89
900 1000 174
1 1000000 525
1000000 1 525
174218 727017 509
995418 687328 525
940640 95974 525
146491 203195 383
710040 126971 509
210456 101092 383
151215 384302 443
486026 719622 509
926641 608264 525
222391 264006 443
842360 473073 525
561825 803892 509
821650 3431 509
268056 365582 441
807809 384859 509
46352 20779 324
589659 980520 525
323789 493195 449
543826 30320 470
544571 537208 408
334 352277 443
615386 695640 509
329526 950609 525
192534 124690 383
780622 910131 525
619316 104603 470
757755 594295 509
239785 111516 443
455393 690496 509
478789 77506 449
645293 896180 525
910988 197921 525
858734 494708 525
464997 951622 525
938654 941751 507
800492 625112 509
102271 756162 509
717858 25577 509
752737 461062 509
244548 102687 443
523200 483989 470
574713 717369 509
359370 138626 443
429668 300224 449
413693 380437 449
369370 854413 525
481839 192808 449
757165 812657 468
3432 339042 443
483303 64900 449
283241 322829 389
999059 322509 525
235088 987157 525
124341 880395 525
869715 141855 525
374297 125854 443
58218 36867 340
595784 62293 470
637257 490024 509
612760 388693 470
347467 851515 525
585499 757282 509
987370 901324 507
860215 742029 525
205611 118533 383
752598 42106 509
665623 385543 509
877683 363661 525
733091 15266 509
605141 889969 525
551537 746417 509
515353 806340 509
789423 611472 509
497255 696674 509
998365 992764 440
350407 653133 509
389037 378949 379
456012 814006 509
708035 508338 509
867822 663146 525
562268 902385 525
5558 499868 449
290827 240889 407
755538 631243 504
836765 257534 509
262536 547152 470
94302 623184 470
651335 114502 509
132853 645777 509
997017 711190 525
257642 33489 443
579382 529501 452
307080 465608 449
637810 25981 509
636382 288559 509
232661 283453 407
52127 10043 324
198667 761950 509
998889 962551 458
81522 97211 333
32547 156540 383
957137 441051 525
406591 681232 509
555369 183959 470
889439 309977 525
162083 439458 449
183827 165692 365
331560 443258 449
597505 609111 403
177360 841834 525
131422 165143 383
374002 577721 470
37144 43638 306
589018 672435 509
51862 433108 449
826520 235089 509
232151 829745 509
472693 115783 449
385015 224517 443
554561 706859 509
696400 764540 504
159240 715645 509
865021 600209 525
234211 890263 525
284794 781766 509
116138 774706 509
668775 466173 509
186183 289938 443
230059 712439 509
143334 507727 449
768117 754214 468
494472 168770 449
794910 40944 509
128439 205320 383
219691 618563 470
21716 850486 525
691694 891855 525
535884 872857 525
628939 483429 509
434601 634536 509
273752 914218 525
741572 682889 504
489758 809655 509
825112 670844 504
942141 550865 525
478899 304040 449
360236 472000 449
363270 38016 443
128029 824334 509
391515 906386 525
109822 727645 509
924773 764076 525
486172 465317 413
158387 871339 525
201186 894346 525
756159 837025 468
58880 91926 351
865571 30498 525
564199 237464 470
645419 833195 504
215216 781336 509
398341 316400 441
718300 137525 509
507989 257089 449
777014 110558 509
871525 916760 476
40021 217129 386
783354 221441 509
185278 210259 373
778754 102054 509
32678 629333 509
278953 366646 441
722516 820767 468
585034 811506 509
903141 961459 507
677250 342676 509
168489 685153 509
792801 540316 509
749611 944091 525
504890 637240 509
61327 580212 470
315162 391503 441
97555 724409 509
839637 657578 525
718456 851372 525
709755 803711 468
701562 320217 509
217130 780700 509
3194 391000 443
266173 133676 443
316093 522078 470
57506 491945 449
295053 536447 470
138954 103327 354
310973 987012 525
237881 984089 525
651146 911780 525
982973 880938 507
39645 862307 525
348923 988249 525
