0 1000000 525
999990 1000000 259
23457 23457 251
23458 19862 274
3547 45698 324
9856 5867 262
2895 23468 279
234577 234657 244
110000 600998 470
92890 878963 525
443819 46079 449
571695 14701 470
780503 907182 525
177549 157405 370
325202 974361 525
246074 124332 443
383472 142029 443
67 47 113
740764 749950 393
155844 650562 509
548127 855140 525
763706 514444 509
631870 598591 509
585548 957893 525
891376 511353 525
712951 512543 509
560571 864484 525
501360 22571 449
42159 135816 354
561527 777712 509
764454 661612 504
924704 144206 525
682708 876399 525
312548 268935 407
265529 571857 470
446870 530075 470
89364 558 351
567 238459 443
941755 946019 383
446502 707407 509
212755 935098 525
874323 558455 525
560400 737637 509
546600 762866 509
510858 385588 449
661809 299881 509
864747 791949 525
808059 686987 504
534877 181248 470
449118 907317 525
354777 812955 509
877122 451709 525
283553 998144 525
5 5 6
405821 778942 509
131533 543493 470
499834 625092 470
902839 812905 525
343523 299807 384
810446 835507 450
376661 731661 509
419245 73905 449
217633 770680 509
558161 397858 470
598073 282116 470
486885 463420 413
636292 530952 509
534010 302912 470
929905 85665 525
744410 239232 509
508096 920561 525
2345 458 183
520487 877595 525
190433 934918 525
914869 451843 525
733736 269972 509
16262 614834 470
947612 267141 525
46591 417228 449
173418 193556 365
450207 808252 509
53990 814698 509
297071 477344 449
58253 411319 449
416680 287101 449
552139 870364 525
487845 812 449
964123 664060 525
703598 480086 509
540460 736383 509
576 2385 183
613440 470360 470
826930 183364 509
670513 693848 442
626328 814994 509
578525 4020 470
398155 113853 443
606282 521519 452
675906 711041 504
778998 776998 437
262681 651790 509
56447 458636 449
642500 466676 509
499953 67920 449
917794 653016 525
761145 612035 509
51652 689990 509
37304 782130 509
790323 940418 525
190409 648194 509
312762 42863 443
367812 569901 470
509231 954822 525
185215 549416 470
862977 630669 525
8545 658257 509
49097 643131 509
467035 727459 509
74522 691093 509
262514 599115 470
728234 457782 509
915828 1626 525
604312 409972 470
557445 177388 470
370377 742133 509
501515 124095 449
709892 662834 504
896520 75498 525
852485 257891 525
253488 604755 470
773510 684481 504
937276 215132 525
714300 867663 525
386724 366039 423
458 4598 238
135298 192870 383
551043 729011 509
731436 49970 509
486 865225 525
828432 712145 468
723721 578594 509
232039 127910 443
943374 566171 525
901762 80726 525
456738 904381 525
205065 693383 509
675023 161134 509
611655 819056 509
930303 339656 525
525471 62399 470
523687 793077 509
302757 45570 443
641408 529148 509
857968 338879 525
256427 1515 443
569103 741303 509
751744 407251 509
751241 292063 509
461651 461170 444
775142 964388 525
512459 250708 470
546208 68429 470
157489 857119 525
390030 391267 361
962197 825199 525
237033 432316 449
446616 258568 449
184346 302712 443
790814 869226 525
668064 795261 504
139992 473811 449
86574 345 351
432524 353124 449
3477 731949 509
523544 488144 470
867698 457912 525
275952 355707 441
184872 585746 470
971578 869425 507
4680 784324 509
250917 617911 470
127763 891247 525
773675 943128 525
711851 87792 509
440021 658509 509
71258 231579 443
80412 749340 509
256952 833768 509
232193 28336 443
329621 375585 441
929834 986278 507
692486 982958 525
7491 449748 449
258227 621260 470
101157 656237 509
864314 225976 525
318162 346463 441
932297 769796 525
3716 526456 470
27864 9 308
