47013 65584 340
18143 26953 308
2849 99793 351
90134 96612 333
49925 74443 340
83142 91190 333
24331 24963 264
30018 45654 324
42538 58494 340
70458 83030 351
25321 75988 340
41800 55454 340
56805 96534 351
40575 80213 351
65610 68047 312
44764 94915 351
71315 97818 351
38199 47130 314
2347 59677 340
97881 99034 284
80125 85649 320
4100 55429 340
66111 83996 351
60162 73396 335
44208 85905 351
45098 47772 314
83937 90721 333
46462 80462 351
73904 88520 351
69587 74912 325
76716 89261 351
12403 44796 324
97588 99175 328
63908 65002 299
1912 37429 324
29544 94717 351
48617 79055 351
16909 45775 324
58066 64865 335
66050 92636 351
62274 94306 351
14498 22827 279
92175 95495 328
64612 81061 351
40438 77643 351
27798 33294 285
18894 51442 324
15582 71150 340
33828 77203 351
59037 82875 351
61275 83305 351
20371 67400 340
64452 92349 351
55250 71128 335
89820 91297 315
54826 75820 335
76738 92320 351
81842 83584 320
80105 90736 333
9107 22255 279
98218 98533 266
73992 95533 351
3762 59920 340
46764 69132 340
68577 87231 351
9964 54083 340
79504 98104 333
26620 75065 340
97605 99989 328
53653 59395 322
66184 85915 351
20631 52445 324
66766 92820 351
14639 95793 351
72915 97577 351
31553 96382 351
38722 69885 340
70133 74901 325
97903 99076 328
42822 98430 351
82217 92182 333
27895 97880 351
89762 97520 333
32249 76270 340
50672 88462 351
49368 62828 340
52864 78344 351
61602 81116 351
46270 73836 340
20864 97383 351
5083 67995 340
79454 98272 333
882 86715 351
62766 66662 330
28 12846 268
37589 69243 340
41175 92832 351
30640 72621 340
73330 97434 351
49667 50271 265
