0 0 1
1 1 1
20 40 112
22 25 24
55 5999 238
14 41290 324
41419 4 324
0 1000000 525
451919 966590 525
795237 797769 468
228854 901857 525
356018 965137 525
900499 934451 476
331463 558298 470
677995 689309 398
931369 932041 308
13473 930352 525
599309 984984 525
393261 832391 509
144680 938464 525
431315 663644 509
836720 629014 504
832384 727850 468
353236 955152 525
573544 664178 509
439239 754775 509
119514 965788 525
60095 712276 509
931517 842870 476
445502 914258 525
761802 623154 509
608211 563027 434
538951 958604 525
178971 901326 525
410017 887994 525
715516 774879 468
295859 918139 525
197396 846599 525
207160 972109 525
217259 650683 509
380595 898703 525
100378 616074 470
681297 917752 525
42730 860450 525
244446 840507 525
957792 783920 525
86640 890359 525
376508 822155 509
816458 764670 468
649664 852488 525
117404 814780 509
597716 904076 525
819613 954734 525
658401 926116 525
814231 899039 525
296814 908526 525
818942 828013 450
398397 926927 525
987148 695006 525
499142 913216 525
951819 962063 414
196268 767376 509
733717 887311 525
312640 814962 509
275442 839018 525
729005 826980 468
424377 843622 525
551978 899286 525
863539 893740 445
469005 869531 525
690765 939638 525
505212 855514 525
321679 798086 509
798751 889263 525
612941 552033 434
134985 494158 449
61232 717673 509
676850 738128 504
60240 625044 470
392113 983959 525
572454 368162 470
318638 666846 509
70409 823060 509
189342 952284 525
670743 891285 525
333659 993183 525
846715 838315 401
780087 686193 504
856912 988576 507
195694 813435 509
478595 873058 525
292564 964571 525
832831 923024 525
619698 716121 509
134919 873562 525
404624 984207 525
845532 986615 507
200970 343473 443
489631 997108 525
721472 929049 525
308726 795573 509
596868 935707 525
986587 742765 525
997227 960044 458
617187 942220 525
761405 939998 525
132176 983517 525
297641 890869 525
942000 838910 507
734529 834658 468
87783 511889 449
74440 879391 525
459562 689718 509
344023 745852 509
264093 528737 470
469405 802945 509
689752 857876 525
111731 904747 525
166327 915844 525
536109 976541 525
494733 829975 509
598290 990090 525
158970 783627 509
297893 844145 525
230044 942617 525
594586 879036 525
605342 944311 525
463506 945650 525
994043 879543 507
6953 740770 509
157078 975627 525
544597 870085 525
210848 952968 525
206144 498469 449
313621 843652 525
195622 939262 525
466966 835273 509
516994 998761 525
218176 928542 525
716576 903969 525
333966 974771 525
345784 915188 525
709184 583350 509
683487 805939 504
468585 917765 525
388302 491993 449
918836 949992 507
330224 950754 525
166135 959440 525
761654 989202 525
841824 904447 445
769134 546990 509
58771 731445 509
404691 798232 509
663628 799163 504
889843 983438 507
436493 603641 470
684516 716926 504
86190 805653 509
644346 908274 525
414240 758689 509
819597 971381 525
364575 995080 525
353597 579831 470
782010 967635 525
221402 948525 525
600354 980989 525
789464 925483 525
386992 840514 525
990920 676208 525
257042 983642 525
502968 957868 525
919677 607207 525
885796 804109 525
61379 804809 509
887230 960568 507
214408 987809 525
775252 877856 525
482284 864453 525
856501 854051 419
101718 699911 509
371637 916927 525
364098 710784 509
39113 945049 525
70851 806152 509
126296 905839 525
820576 870395 525
92148 918822 525
65217 974286 525
583089 856716 525
87439 640852 509
154494 802426 509
221059 925445 525
728573 997344 525
116903 633694 509
391581 698155 509
801757 890802 525
690415 866737 525
465242 663148 509
403650 851132 525
968206 963424 383
441520 949304 525
420735 946946 525
383262 792523 509
105891 993396 525
150882 901775 525
743365 706057 424
984244 790858 525
471718 890667 525
888174 885291 445
496732 776280 509
858215 508349 525
437229 763578 509
999466 996901 440
979879 915526 507
538337 949018 525
790475 985015 525
88144 648077 509
240510 780039 509
258286 765269 509
558975 550434 421
159806 958536 525
855058 965157 507
140958 945152 525
373210 650407 509
465999 714776 509
795873 828412 468
842398 927759 476
317397 910378 525
785651 909716 525
943069 679495 525
429019 809615 509
749253 896983 525
373051 904538 525
170574 843129 525
891081 843771 445
749790 849882 525
538854 801008 509
926255 781704 525
99234 975445 525
303984 836892 509
633702 641658 416
478381 660556 509
798102 903694 525
328631 915963 525
247205 757447 509
713169 590555 509
107229 919588 525
328027 994086 525
63121 990163 525
735500 870385 525
490585 979745 525
591458 675999 509
876849 652303 525
195527 561157 470
236986 870487 525
324808 662351 509
511211 993372 525
721059 642186 504
144938 753726 509
689277 724985 504
785135 913434 525
344109 963504 525
739049 953503 525
391931 969549 525
727825 995851 525
419742 641856 509
351706 746230 509
13549 759003 509
629455 734339 504
922161 906934 476
260113 722763 509
807333 929828 525
894996 980678 507
292023 734400 509
507503 987220 525
262844 638762 509
191761 554755 470
657825 985887 525
346433 961544 525
427087 944926 525
617632 864552 525
410846 826984 509
905134 779206 525
383194 732760 509
77396 669294 509
834321 911907 525
744948 961777 525
360054 759617 509
739329 872872 525
356568 714785 509
616176 931065 525
166126 802693 509
250591 982306 525
783337 572305 509
59343 795540 509
624278 876120 525
333916 893314 525
899432 920427 476
985719 715440 525
359988 759288 509
978988 764370 525
390784 970111 525
155156 982156 525
398686 442651 449
997043 843914 507
415440 552615 470
995289 963187 458
643574 940500 525
138852 970741 525
554078 630109 509
645753 964032 525
423176 894027 525
855346 933737 476
811580 551964 509
166277 696040 509
713063 977044 525
419216 825893 509
741938 577912 509
197090 980405 525
756134 890120 525
181995 821713 509
54565 902316 525
698463 702464 411
763640 996368 525
737988 923526 525
771379 928786 525
564747 946167 525
318075 717890 509
698931 760315 504
827210 966622 525
909062 948223 507
571371 899614 525
148169 793251 509
227552 938516 525
715020 815581 468
729185 957000 525
548689 645725 509
879266 666865 525
503452 896437 525
918793 666915 525
239566 997053 525
590253 911316 525
914213 851918 476
568307 820517 509
751682 958338 525
324094 849541 525
543849 838103 525
379314 511902 449
779847 999596 525
548202 767909 509
758698 906089 525
29690 985721 525
530744 876036 525
419352 934717 525
692389 576353 509
612689 969865 525
161436 859062 525
87831 561138 470
585636 789392 509
762167 977788 525
254628 979875 525
310203 977308 525
762366 915015 525
488827 952311 525
120198 689489 509
890345 879904 445
206833 805104 509
640384 923723 525
12646 719664 509
762851 803924 468
982072 507586 525
160909 982970 525
51851 806882 509
300769 946173 525
532884 727212 509
48484 988337 525
19035 926868 525
679823 984407 525
64640 726227 509
87608 940633 525
651996 999655 525
730778 728926 380
177794 712787 509
558046 961890 525
431788 576344 470
627770 733966 504
694500 977702 525
568997 915045 525
907171 912784 476
946288 351636 525
426571 649876 509
383765 958154 525
534200 820433 509
882625 921084 476
435161 809676 509
577020 936913 525
124111 993985 525
567611 926771 525
534483 920773 525
960173 636675 525
30511 906138 525
593034 998203 525
137237 854357 525
386253 939929 525
792708 945756 525
583661 638192 509
222194 615582 470
467132 872412 525
215015 992731 525
25633 685235 509
667849 755105 504
886582 965856 507
236046 959000 525
455381 952535 525
234235 986426 525
228882 943505 525
812588 398266 509
937323 828571 525
837784 735324 468
1000000 0 525
691483 898507 525
64832 946032 525
982115 846319 507
283193 845897 525
580858 728868 509
840986 721142 525
915672 942050 507
838945 956495 507
669784 816773 504
286590 898651 525
604954 816476 509
144617 904660 525
425022 992502 525
634478 987416 525
875289 751188 525
327692 818038 509
503671 924045 525
649756 788887 504
708031 916559 525
878613 871867 432
918811 675611 525
445427 769747 509
144865 978645 525
389520 823079 509
787491 997785 525
796632 962658 525
897573 999113 507
89728 891601 525
927627 947186 507
387305 945711 525
798832 754708 468
73063 986804 525
347138 550752 470
554917 735383 509
313853 635844 509
788454 764628 468
80771 969188 525
373241 683021 509
49631 866969 525
407984 937746 525
893500 988342 507
388960 587166 470
536899 697716 509
394614 756602 509
32864 961753 525
544088 993059 525
526830 976908 525
682265 794975 504
184090 635756 509
514672 532688 439
365170 897991 525
413085 810892 509
308928 873343 525
525949 728078 509
102861 819561 509
674071 942277 525
831664 978549 525
892485 799187 525
44802 949110 525
348696 630775 509
841612 921448 476
429649 959832 525
478766 872919 525
622018 941832 525
795292 807620 468
2584 867459 525
127867 697431 509
926658 926409 370
701010 542121 509
300206 926777 525
890694 991467 507
393767 934655 525
543134 750861 509
813757 847960 525
579802 755886 509
997451 881296 507
909548 403399 525
670346 926587 525
86912 903266 525
726463 951529 525
954586 828029 525
943714 917473 507
217661 923106 525
258956 909887 525
281731 987728 525
807422 941960 525
99999 99991 227
821307 738913 468
726697 991058 525
