563543 126673 470
80205 114801 354
208107 948309 525
516476 203010 470
96699 195516 383
352222 592399 470
653847 77422 509
314591 506909 449
923406 837496 525
254075 505680 449
979398 137329 525
566018 336516 470
77304 714672 509
163705 297181 443
295338 120284 443
985102 637853 525
662126 745739 504
636893 818088 504
190788 927155 525
307876 140422 443
74124 556703 470
7731 242711 443
940199 999818 458
918056 69092 525
427748 854453 525
366623 650457 509
380365 588444 470
25818 69375 340
387629 768934 509
534186 38714 470
130379 27457 354
837680 719919 468
935991 882584 476
148689 72422 375
121900 229733 386
806346 645269 504
924197 471393 525
762453 403649 509
931856 479336 525
854901 4952 525
749826 412735 509
740569 719478 424
414112 733099 509
954190 238283 525
612904 85339 470
663553 30988 509
954362 550579 525
376714 953145 525
257889 607920 470
602957 803725 509
673959 138156 509
110660 972245 525
936501 172283 525
79880 394529 443
663225 358215 509
335788 531189 470
869767 971195 507
95007 802151 509
943725 441684 525
836991 408421 509
32160 559962 470
707377 303758 509
419853 65919 449
636552 370967 509
709901 50277 509
421000 4013 449
930496 779542 525
977918 222334 525
626262 930894 525
280558 346188 441
504167 586491 470
504166 978961 525
118900 545737 470
291704 533022 470
379276 599254 470
