9250 9597 260
1777 8859 262
2685 6931 262
5661 7556 262
4802 6632 262
3609 9226 262
6593 6608 138
1672 8345 262
8492 9309 260
1950 5149 238
4576 8731 262
8514 9944 260
8417 9825 260
8313 9729 260
3067 5298 238
7860 8126 252
7169 9141 252
3046 6004 238
4457 8520 262
1673 5756 238
7148 9793 260
2340 5671 238
4560 5947 236
4529 7880 262
6511 8976 257
1698 7845 262
7760 9067 252
7069 7903 239
1691 9257 262
7672 8582 252
3939 5388 215
1470 9236 262
881 7193 262
4084 5396 215
1507 4120 238
6147 9150 262
6332 7362 257
6634 8282 257
9512 9942 242
4213 6906 262
3643 9817 262
1092 1961 182
646 1842 182
743 7047 262
7515 9396 260
3938 8908 262
7674 7977 252
6653 6997 257
4600 5470 210
5101 9941 262
8679 9383 260
9687 9907 242
8817 9366 260
7827 9852 260
1190 5295 238
5353 7465 262
5679 9628 262
4765 6870 262
9660 9940 242
9202 9963 260
1326 5343 238
5860 7278 262
5176 6682 262
3273 4172 238
4563 7311 262
6202 7436 257
8462 9548 260
1844 6686 262
4083 6947 262
9192 9738 260
6750 7546 257
3652 3704 207
2646 4623 238
7700 9300 260
3924 7264 262
8656 9650 260
8012 8039 190
4779 8361 262
4807 8877 262
3133 9680 262
7323 9064 252
9799 9915 242
3680 6194 262
7467 7911 221
9252 9595 260
2242 4631 238
8886 9138 247
408 5405 238
4693 6486 262
3890 8915 262
9251 9817 260
4860 7267 262
7745 9500 260
2005 2666 209
4840 6688 262
3369 3658 194
1372 2074 180
2000 8323 262
9348 9353 185
7656 7661 177
5691 7768 262
2169 6125 238
7053 9045 252
6069 8241 262
6498 9372 260
9590 9922 242
233 743 171
3794 8494 262
7223 9636 260
9937 9988 167
9439 9916 242
7171 8276 252
7630 7680 177
2691 2739 160
7217 7718 239
7157 9610 260
9927 9997 180
6432 8745 257
5201 9652 262
7758 9069 252
5077 7344 262
5703 6348 262
3705 8930 262
3853 5121 215
2014 8760 262
6179 8013 257
4681 8981 262
5711 8000 262
5361 7951 262
3021 9143 262
3709 4084 238
5794 7809 262
1234 7549 262
8293 9231 247
2615 4895 238
4241 9976 262
7680 8896 252
4240 7818 262
6632 7916 257
6215 6827 244
5399 6878 262
8794 9701 260
2282 4881 238
1062 7833 262
4296 6672 262
4230 8408 262
7882 8394 252
2171 7004 262
6699 9769 260
9763 9861 211
4425 5612 236
3847 7090 262
9436 9542 198
7072 8675 252
4877 9791 262
1531 5153 238
4073 6610 262
7164 7400 208
5007 7996 262
6158 7386 262
5911 6355 262
1217 6051 238
1229 6934 262
6146 9815 262
1941 6523 262
6913 9412 260
5230 6585 262
4525 6869 262
6831 9029 257
4534 6513 262
2636 6143 238
8396 8833 216
3507 4489 238
8223 9693 260
8153 8896 234
1505 7444 262
9837 9922 242
7461 8024 252
3799 9886 262
6189 8042 257
832 962 179
1930 5336 238
3958 8272 262
5836 9905 262
3595 7992 262
2635 4198 238
1253 8021 262
2390 5161 238
3332 8105 262
5130 8845 262
8524 9386 260
5750 7916 262
4688 5698 236
8923 9385 260
85 5945 238
8149 8965 247
6688 7083 257
7034 9000 252
9201 9502 260
4665 8792 262
