591620 42660 470
927489 542043 525
683308 171274 509
940720 10129 525
223167 454242 449
977803 749383 525
747461 987588 525
369003 159308 443
36408 998941 525
751028 449711 509
10048 77959 351
210118 497035 449
845670 846828 313
770760 786919 437
663463 506371 509
236741 99080 443
266092 941430 525
280001 410569 449
155312 250909 443
329155 684722 509
46621 908556 525
715997 459687 509
615601 277690 470
35308 555173 470
9622 29172 308
299829 285060 389
432355 577868 470
985440 752006 525
273168 836184 509
706049 765358 424
461736 567886 470
90275 304135 443
551478 389082 470
216373 347032 443
485295 68272 449
842915 579550 525
624569 342931 470
667851 591713 509
702711 722145 504
906167 378855 525
164128 208264 373
377664 977864 525
686367 330275 509
992780 384712 525
313123 781649 509
172790 292066 443
526696 728639 509
99166 152797 375
246793 241078 337
790727 63561 509
440336 791037 509
998463 689179 525
432891 845912 525
84491 17109 351
975866 378038 525
965421 519358 525
464295 667725 509
134008 706016 509
407206 990337 525
19534 959529 525
716284 786666 468
178050 726991 509
500097 906890 525
87618 92698 333
905508 614014 525
679141 28987 509
86798 187196 383
260151 344993 407
475743 601299 470
495146 940903 525
550745 257766 470
702359 21403 509
652529 184813 509
77516 190096 383
932008 378457 525
276639 350318 441
850714 474182 525
327850 82729 443
804861 177594 509
808903 40432 509
69467 460224 449
61931 158237 383
187547 928698 525
784497 149200 509
850997 436556 525
861322 853532 419
21495 193035 383
366612 504878 449
645234 616002 509
437198 610841 470
551859 867691 525
379903 91079 443
787545 14110 509
993409 895038 507
170157 206132 365
680445 401989 509
195094 891485 525
629367 856268 525
218750 440140 449
358994 875428 525
499835 771995 509
137730 273424 443
635968 605244 509
505241 117638 449
232454 169549 443
937916 224147 525
895624 181966 525
334620 653467 509
829356 708332 468
471112 151763 449
34730 429614 449
304987 813564 509
9953 372845 443
372459 78211 443
927495 300734 525
313036 523387 470
943346 930368 507
430349 566367 470
252398 351516 441
424178 950830 525
51857 559081 470
475859 60938 449
598499 440209 470
120594 767288 509
448010 254293 449
759600 909295 525
659273 401174 509
156051 920597 525
440140 531849 470
736290 790538 468
110832 322901 443
698835 483971 509
391267 7066 443
494102 807784 509
166620 213523 373
304822 998113 525
375329 538265 470
891924 787370 525
435496 185112 449
498807 232262 449
28942 213783 383
664640 108298 509
548021 517870 452
344616 330426 366
546254 109026 470
736028 131242 509
40066 252565 443
641517 31305 509
296429 338668 384
315882 648717 509
