878518 337260 525
59111 990964 525
41 48 110
317345 408195 441
1 33384 308
6079 70701 340
80701 218545 386
6173 23 262
920 5595 238
262 137 128
5801 56 238
3233 36317 324
180039 923766 525
895474 859841 445
719 6121 238
9927 5859 262
8876 3307 262
8887 72244 340
9662 28159 308
47 19 112
37216 431495 449
886276 822290 525
98555 162989 383
325 565268 470
4054 78114 351
93 68010 340
802607 281338 509
421650 958523 525
47 10505 262
4949 2794 238
1 23945 282
261 9353 262
9460 46 262
6743 775282 509
924594 198986 525
501321 208205 449
553553 350806 470
67 760 171
55429 818529 509
8755 906940 525
350 250 144
23614 989383 525
3497 9023 262
60 55085 340
378919 211 443
45576 556308 470
996730 80335 525
462788 616813 470
196983 582264 470
1 907 179
122903 792360 509
178712 100276 383
975171 490720 525
7730 644 262
125940 724373 509
178042 267242 443
642251 235917 509
16387 333233 443
317216 275774 389
114412 79590 354
525340 940060 525
422563 813892 509
41 4121 238
40487 38250 306
65305 2721 340
973995 390651 525
610 924291 525
656829 259379 509
6758 89272 351
44781 576522 470
501088 322814 449
16 44885 324
742626 799576 468
3568 428623 449
5 313 131
1498 51994 324
484 358953 443
545014 160215 470
18907 700484 509
11749 8012 268
316 97762 351
755312 83981 509
501 469646 449
723271 472790 509
84664 135980 354
11975 126370 354
2327 187539 383
835401 42897 509
46409 9931 324
599148 83798 470
168 861 171
544 348 142
5803 8922 262
3235 2192 217
51830 36802 314
633 966 179
30 68903 340
61021 566 340
851 8281 262
5394 72443 340
411 306663 443
105124 768636 509
9283 90236 351
410157 111930 449
5325 103 238
7228 6475 257
302 8174 262
55851 132 340
200 20000 279
1 500 144
3 3030 217
7 7777 262
777 77777 351
