33 42 110
66 84 116
99 126 114
132 168 117
165 210 125
198 252 128
231 294 128
264 336 144
297 378 144
330 420 134
363 462 134
396 504 142
429 546 142
462 588 142
495 630 137
528 672 145
561 714 171
594 756 171
627 798 171
660 840 171
693 882 179
726 924 179
759 966 179
792 1008 179
825 1050 179
858 1092 179
891 1134 174
924 1176 182
957 1218 182
990 1260 182
1023 1302 182
1056 1344 182
1089 1386 182
1122 1428 182
1155 1470 182
1188 1512 177
1221 1554 177
1254 1596 177
1287 1638 177
1320 1680 180
1353 1722 180
1386 1764 180
1419 1806 180
1452 1848 180
1485 1890 180
1518 1932 180
1551 1974 180
1584 2016 180
1617 2058 180
1650 2100 180
1683 2142 180
1716 2184 180
1749 2226 183
1782 2268 183
1815 2310 183
1848 2352 183
1881 2394 183
1914 2436 183
1947 2478 209
1980 2520 209
2013 2562 209
2046 2604 209
2079 2646 209
2112 2688 209
2145 2730 209
2178 2772 209
2211 2814 209
2244 2856 209
2277 2898 209
2310 2940 217
2343 2982 217
2376 3024 217
2409 3066 217
2442 3108 217
2475 3150 217
2508 3192 217
2541 3234 217
2574 3276 217
2607 3318 217
2640 3360 217
2673 3402 217
2706 3444 217
2739 3486 217
2772 3528 217
2805 3570 217
2838 3612 217
2871 3654 217
2904 3696 217
2937 3738 238
2970 3780 238
3003 3822 238
3036 3864 238
3069 3906 238
3102 3948 238
3135 3990 238
3168 4032 238
3201 4074 238
3234 4116 238
3267 4158 238
3300 4200 238
3333 4242 238
3366 4284 238
3399 4326 238
3432 4368 238
3465 4410 238
3498 4452 238
3531 4494 238
3564 4536 238
3597 4578 238
3630 4620 238
3663 4662 238
3696 4704 238
3729 4746 215
3762 4788 215
3795 4830 215
3828 4872 215
3861 4914 215
3894 4956 215
3927 4998 215
3960 5040 215
3993 5082 215
4026 5124 215
4059 5166 215
4092 5208 215
4125 5250 215
4158 5292 215
4191 5334 215
4224 5376 215
4257 5418 215
4290 5460 215
4323 5502 215
4356 5544 215
4389 5586 236
4422 5628 236
4455 5670 236
4488 5712 236
4521 5754 236
4554 5796 236
4587 5838 236
4620 5880 236
4653 5922 236
4686 5964 236
4719 6006 236
4752 6048 236
4785 6090 236
4818 6132 236
4851 6174 262
4884 6216 262


