1 1 1
1000000 1000000 153
242384 840463 525
33295 590312 470
379030 79561 443
229743 572390 470
964026 248928 525
640072 846975 525
459701 177354 449
800933 793970 468
303558 879740 525
998533 813874 525
555479 695081 509
433045 149285 449
818784 516148 509
377155 543162 470
476659 134477 449
322179 964965 525
409103 533576 470
862935 919058 476
538580 889464 525
318270 97570 443
452468 477838 444
849307 872020 432
425940 757321 509
243936 546976 470
813846 126665 509
100584 242807 443
853878 685386 525
16175 745409 509
222327 114825 386
993227 331531 525
808263 992971 525
393694 108142 443
226332 714310 509
418794 97922 449
17489 622301 470
570785 444558 470
381535 901244 525
341863 293380 384
795146 545789 509
241322 862581 525
240101 893025 525
651400 622366 509
353752 333776 441
205075 421417 449
917982 523405 525
257942 925644 525
194137 853871 525
846586 254891 525
612547 681211 509
710043 631076 504
129105 139769 344
259527 319037 407
122656 996605 525
775131 828077 468
401072 430909 449
8207 33595 308
300899 883607 525
732035 959894 525
454118 239136 449
137752 431258 449
580738 949453 525
164521 222706 386
611115 714269 509
456278 32567 449
731632 871002 525
875785 747787 525
737671 484611 509
842915 780136 525
882185 70661 525
466933 789704 509
579979 634026 509
739521 452875 509
192496 270615 443
158379 868621 525
470540 155787 449
416666 168894 449
211743 128528 383
85506 370598 443
86123 386044 443
909117 761378 525
612866 553037 434
742333 274125 509
934595 576929 525
270553 681439 509
129204 104834 354
6241 226146 386
623955 548248 447
583437 782743 509
309625 728454 509
68417 313987 443
32709 828812 509
51665 695074 509
999702 150458 525
419529 345146 449
108786 445944 449
999566 924675 507
131089 406945 443
318610 296452 384
641180 367078 509
