706411 180864 509
273983 124504 443
372831 658554 509
747686 544892 509
158600 486470 449
83881 806787 509
782029 355878 509
46030 80628 351
804410 386926 509
637712 448165 509
447184 881537 525
328294 251265 407
418958 819177 509
560839 736836 509
975754 582647 525
389292 811752 509
110514 560238 470
723962 69706 509
299142 857524 525
518779 584600 452
50325 927057 525
773304 305728 509
82186 731560 509
618042 380621 470
785903 853825 525
101455 439891 449
600825 445683 470
78150 284888 443
502507 947689 525
29852 23324 308
121866 431367 449
48612 230576 386
518637 479019 470
478720 803461 509
759573 738241 424
380962 174983 443
289161 451773 449
199661 579512 470
944555 852061 507
15139 916322 525
437221 260050 449
97784 650025 509
915545 251971 525
382903 800921 509
445659 590950 470
82455 451718 449
28029 8876 308
902486 378388 525
107640 937703 525
751225 236506 509
648352 148602 509
511938 728182 509
607226 832341 509
946110 31699 525
365203 400638 436
278181 330256 389
522973 326728 470
929162 659084 525
481159 383569 449
383648 695612 509
684998 376790 509
380007 509803 449
69651 684310 509
247044 699620 509
228100 851549 525
641470 263261 509
873659 502707 525
282848 702112 509
930813 355185 525
622827 202173 470
407035 953284 525
653238 534100 509
49958 429042 449
560813 944679 525
403723 496254 449
929410 618870 525
625729 372093 470
921413 884300 476
988442 870014 507
106338 751638 509
556497 332654 470
164657 515171 470
415721 192598 449
540124 928679 525
306017 595873 470
233679 719866 509
380050 984031 525
397037 789888 509
215334 807055 509
384076 333242 441
986515 3434 525
228990 159301 386
219654 742871 509
32548 10877 308
109852 848748 525
734565 728404 380
87213 849103 525
853314 685352 525
452533 915061 525
331292 815166 509
679673 817576 504
575287 85104 470
111479 361833 443
797902 981016 525
503235 424036 444
466512 943350 525
764179 722225 424
730177 892258 525
102839 366495 443
958035 362416 525
940217 801076 525
632137 565603 509
912003 775146 525
152342 596119 470
737408 189123 509
197226 338628 443
723669 188254 509
350993 699326 509
40990 451395 449
235676 13141 443
373453 887449 525
623639 789738 509
12268 715843 509
312690 626155 470
987733 681971 525
324424 141887 443
173855 13018 383
158786 900381 525
999257 258540 525
270466 411007 449
447509 649346 509
670912 654132 442
825941 422478 509
711686 567397 509
406458 822902 509
48852 276223 443
208677 223900 386
21662 650724 509
338296 11496 443
491808 235900 449
