187085 854056 525
158480 946111 525
159826 579043 470
324096 807582 509
243298 864210 525
387765 871228 525
41613 604550 470
157873 597381 470
238986 662270 509
156385 728173 509
53115 620397 470
84100 580297 470
255246 604554 470
207842 893174 525
356748 974488 525
474810 695004 509
70935 570439 470
426045 743539 509
77766 791194 509
463923 559674 470
118646 585326 470
423131 693485 509
365653 681337 509
420915 675342 509
44972 982551 525
267630 868088 525
184942 647873 509
381560 721139 509
362515 685630 509
362433 697888 509
440770 785366 509
135704 603033 470
101463 873688 525
357857 978650 525
350605 827643 509
285511 621588 470
366365 790993 509
23154 665830 509
395754 900159 525
20839 764076 509
176853 696676 509
155109 818777 509
278842 576211 470
449529 868217 525
437940 562621 470
69123 825276 509
225800 715256 509
46146 902710 525
347670 869243 525
98514 825367 509
439986 739193 509
144574 717375 509
292861 779814 509
494710 729585 509
482251 795998 509
176717 636397 509
284053 999966 525
223081 762762 509
176330 620217 470
392146 839347 525
265209 580665 470
319997 671127 509
193771 570917 470
431574 556713 470
54710 612171 470
387700 681027 509
121818 967692 525
391111 670892 509
398524 632517 509
137260 586432 470
190506 566036 470
323745 550999 470
206705 705513 509
223385 634443 509
403112 936226 525
13299 814895 509
158911 989280 525
82344 938982 525
116326 851599 525
240418 785783 509
235605 692991 509
88416 617209 470
200047 850838 525
456123 629853 509
304153 945961 525
329003 933191 525
346886 828709 509
256096 824080 509
355923 811368 509
41514 699601 509
464443 993739 525
420722 623340 470
14951 704166 509
373266 915055 525
110583 556981 470
340393 554056 470
343187 761206 509
340440 782452 509
149136 971480 525
265102 665990 509
114699 886697 525
137607 875663 525
83298 838680 525
206587 852599 525
85959 700522 509
153938 777292 509
130221 695331 509
209522 764096 509
482597 954350 525
167915 702374 509
414795 990558 525
175468 746549 509
495354 887261 525
164495 633157 509
452796 860977 525
258967 739327 509
170824 703543 509
81633 813382 509
46422 998806 525
195636 744179 509
112590 602201 470
473827 818143 509
16116 731458 509
4189 757377 509
385571 990796 525
163212 564196 470
495819 734586 509
399695 588895 470
19344 723463 509
198376 657944 509
420179 817171 509
82339 811197 509
163562 700080 509
19072 939523 525
231288 961049 525
401996 685169 509
31234 874352 525
273007 969421 525
3525 646864 509
341677 648586 509
492082 909560 525
257085 960539 525
293044 623392 470
296807 650004 509
337572 819070 509
9004 873104 525
34567 792936 509
403018 860800 525
86553 790499 509
112925 622201 470
445465 985119 525
292198 833302 509
266900 635792 509
476288 551466 470
131997 774628 509
52145 652222 509
70105 557337 470
402659 752623 509
359984 913360 525
475067 710479 509
407064 751501 509
207350 679391 509
454493 950525 525
39617 767800 509
304644 644028 509
221623 989770 525
161035 606377 470
71233 682019 509
434396 958756 525
26379 671215 509
1409 956993 525
244147 758704 509
360927 797197 509
377384 573835 470
82161 641565 509
415690 643020 509
91226 789382 509
155931 757156 509
198062 754597 509
48674 714683 509
272123 930017 525
234782 767489 509
179998 755916 509
298029 601998 470
295065 684532 509
499615 609696 470
360322 611113 470
153464 945509 525
472420 804446 509
378013 997940 525
232742 782848 509
71190 602607 470
329288 819250 509
411594 918092 525
159066 851057 525
135788 780183 509
317332 956281 525
89201 585625 470
498374 894604 525
65358 778118 509
173949 641271 509
446690 855948 525
196991 690659 509
437777 625839 470
116893 721623 509
18183 625542 470
319372 668223 509
432505 848882 525
277437 886762 525
395799 587424 470
483766 790607 509
263558 870989 525
431397 738262 509
357932 647622 509
420980 590130 470
272117 555105 470
488375 700935 509
51707 965803 525
125234 863119 525
366446 601855 470
367655 697798 509
55480 890177 525
202433 717269 509
471269 880846 525
186363 839184 525
461917 825761 509
100789 923270 525
349995 862676 525
133247 682955 509
318036 728695 509
251118 574348 470
240653 895349 525
484718 586589 470
241054 658322 509
133189 640857 509
451681 969590 525
113893 656298 509
290128 752385 509
165353 819724 509
234759 579856 470
55140 858682 525
416406 552616 470
193441 981619 525
388822 715373 509
270849 977441 525
207334 844251 525
247844 631709 509
414474 814260 509
171652 593416 470
323154 684735 509
270621 648304 509
222370 939522 525
188152 559982 470
93637 668250 509
318373 952511 525
120594 735666 509
81325 750240 509
487400 849487 525
59407 819987 509
55129 896126 525
53913 970880 525
343464 942587 525
320707 726537 509
35618 960566 525
155339 882704 525
331335 831573 509
433860 768347 509
150230 736713 509
401537 591550 470
173868 729344 509
323377 934791 525
31626 978624 525
405698 925723 525
187056 739434 509
323168 836114 509
296251 627245 509
18369 589416 470
493699 559235 470
246962 896486 525
36985 977126 525
165208 918444 525
389657 651784 509
38725 712393 509
347526 789230 509
29631 566553 470
382887 834726 509
248296 991260 525
128104 610491 470
266460 960651 525
19672 808512 509
211749 770515 509
489445 794191 509
374538 916888 525
171716 722815 509
26767 586262 470
435718 642876 509
106246 958122 525
3956 979767 525
172231 893315 525
58747 869292 525
157785 681554 509
395045 578907 470
177908 773465 509
248902 998594 525
426537 835414 509
80599 693304 509
237481 960506 525
219738 563253 470
11941 608591 470
292803 701017 509
19448 799474 509
250743 811201 509
373316 846490 525
409574 882971 525
155902 909457 525
174574 868637 525
429250 691130 509
175201 801580 509
204232 920425 525
480281 666452 509
327769 811135 509
111943 820052 509
399517 822356 509
264487 695412 509
348329 824588 509
348586 896155 525
328702 867253 525
18000 764476 509
179940 623558 470
103508 750261 509
213925 679214 509
161343 567471 470
101580 562988 470
175423 724811 509
322668 609526 470
222433 624659 470
221781 814403 509
194063 885412 525
99816 986459 525
323028 654567 509
88192 852044 525
300513 978567 525
28833 906933 525
163348 776180 509
120140 620992 470
251264 744170 509
261385 960118 525
101707 647345 509
15887 891061 525
33757 779874 509
334370 794677 509
61845 928228 525
24558 815877 509
253329 576923 470
345335 930512 525
112950 913087 525
493359 967891 525
327471 645377 509
352798 580032 470
491596 939469 525
390644 800610 509
81641 617215 470
252607 929752 525
5569 687579 509
480307 838130 525
219867 562155 470
115220 823460 509
288257 975700 525
420715 609440 470
95153 647296 509
294132 966840 525
444738 795896 509
124015 624049 470
195385 608182 470
465201 852478 525
357713 688941 509
416389 952248 525
491190 654060 509
324979 670143 509
110015 868362 525
200874 892991 525
472754 661697 509
57326 699011 509
358970 626628 509
115762 852762 525
118605 578356 470
318549 595737 470
135136 583522 470
474104 925016 525
229812 738877 509
307198 983789 525
325739 698484 509
488573 906015 525
239222 602493 470
389012 674767 509
263462 955815 525
162888 698907 509
456033 979851 525
221416 668299 509
138130 814362 509
214406 960732 525
438342 865812 525
21111 852732 525
111209 626966 509
111212 905096 525
432683 939067 525
277195 852630 525
384279 809442 509
176589 950899 525
61381 649651 509
184011 612189 470
337763 956992 525
224584 716017 509
482552 674351 509
81403 770335 509
159193 687794 509
291390 913406 525
8853 560297 470
103921 909461 525
19093 987044 525
410731 784504 509
380637 979025 525
164361 930728 525
274236 874828 525
160023 581460 470
297765 982266 525
57014 871401 525
498042 830554 509
255718 767224 509
95273 945058 525
114804 903802 525
89215 677020 509
298374 854575 525
109045 670379 509
89128 716270 509
235498 601520 470
275906 876259 525
145572 553612 470
354636 939407 525
322571 679206 509
191232 656598 509
212589 858363 525
176423 666932 509
469269 947597 525
76900 576599 470
127500 710273 509
69510 624850 470
355643 995200 525
354010 706143 509
445697 645823 509
31460 649731 509
489195 588992 470
232830 625343 470
276873 736556 509
151482 920508 525
126866 658103 509
323185 974380 525
250928 915749 525
209007 849045 525
159155 973272 525
279117 631901 509
427537 961918 525
88009 899469 525
224057 732426 509
417412 913618 525
79075 855123 525
191543 807500 509
386389 896692 525
142555 985504 525
271135 933672 525
254744 676614 509
337069 715180 509
332748 575590 470
279743 750661 509
298644 704435 509
410653 967705 525
230313 888487 525
261996 736897 509
208067 906541 525
109511 641246 509
298449 820738 509
278024 698169 509
280475 903042 525
325223 630567 509
10680 553885 470
225335 980780 525
276115 757297 509
158305 555380 470
272927 721444 509
262516 815280 509
488020 780370 509
493047 804454 509
444987 869026 525
301167 969246 525
481510 657123 509
98328 728209 509
61227 985473 525
200161 629303 509
41242 644137 509
252147 804734 509
4864 627154 509
126983 694827 509
328713 799259 509
47259 792993 509
422112 609652 470
37255 818542 509
422980 901369 525
104114 671895 509
324960 698508 509
140727 694283 509
109878 781348 509
25268 601261 470
71436 775465 509
170830 958651 525
303493 933715 525
121688 977009 525
322739 972127 525
72875 615871 470
224493 832787 509
256984 716774 509
474869 661313 509
126670 750476 509
175598 992174 525
265964 561018 470
474502 656535 509
255777 879215 525
145899 836513 509
303817 624224 470
125270 632797 509
374481 766661 509
379860 867941 525
231414 975833 525
294059 840250 525
389049 717234 509
311921 647230 509
463780 618847 470
266121 949095 525
251932 615213 470
11008 631173 509
122091 553162 470
145819 561796 470
308208 967692 525
486278 574625 470
93932 579911 470
286821 705265 509
457890 857463 525
201423 935152 525
472659 874932 525
221072 692625 509
394948 817217 509
339104 724246 509
161937 789551 509
407739 648608 509
244469 908480 525
251059 602264 470
26730 848140 525
78389 700186 509
445644 703244 509
430897 670729 509
80905 892674 525
360351 552660 470
345645 765990 509
219607 656550 509
374481 759426 509
354044 949242 525
194446 614632 470
124817 850957 525
51176 674238 509
182652 814373 509
438162 882970 525
106796 710905 509
99252 978222 525
88638 826313 509
466744 926456 525
372435 888542 525
477232 817294 509
445513 924304 525
176610 814308 509
331365 812431 509
478463 847163 525
488108 624135 470
206964 581541 470
238723 661565 509
160232 869531 525
87465 733212 509
166416 586418 470
164150 646106 509
470203 751618 509
57402 561149 470
479676 953632 525
93209 832659 509
498544 812105 509
121823 563932 470
35774 957804 525
192018 911264 525
191281 639006 509
80989 900287 525
394079 859610 525
482195 891671 525
82647 819322 509
60624 655606 509
485584 728993 509
432412 594423 470
416295 963402 525
126484 636398 509
475269 562275 470
364524 639476 509
377932 940285 525
47389 916883 525
52306 712054 509
9481 625155 470
295062 563301 470
496710 679514 509
276514 929681 525
52877 614362 470
341655 617865 470
150101 664160 509
309563 801402 509
52828 629273 509
338901 756832 509
29141 901998 525
159133 862534 525
84290 872920 525
288216 649470 509
334872 627978 509
381107 685383 509
196789 731391 509
110603 710498 509
230370 614325 470
374978 553343 470
87782 603017 470
80378 595021 470
80127 698981 509
413473 771231 509
434026 906894 525
293536 774103 509
262162 886605 525
165059 919891 525
20336 885575 525
372960 625095 470
284002 959967 525
473802 906618 525
355561 936627 525
3359 964087 525
418641 943566 525
376625 560709 470
49447 739799 509
99885 986915 525
246410 558934 470
456620 567691 470
488080 813553 509
117421 670743 509
192492 619109 470
263396 779574 509
446003 967273 525
269212 825561 509
91792 936285 525
100744 785698 509
378134 963837 525
143690 917844 525
291755 866732 525
179400 810457 509
149378 978709 525
210260 587372 470
468791 797554 509
375469 985397 525
417521 663392 509
213879 844384 525
447226 661779 509
55976 765933 509
78388 609270 470
175418 801719 509
346694 596283 470
56139 839022 525
427642 899115 525
203278 580119 470
160819 983905 525
60956 786329 509
78420 747793 509
225297 954732 525
326159 677305 509
232649 860219 525
480192 943778 525
61132 779792 509
20451 819563 509
119328 886977 525
74448 989476 525
340244 743808 509
282251 587185 470
129256 648619 509
108484 788643 509
474964 939522 525
206949 992263 525
195350 738623 509
378413 933270 525
435715 975975 525
357844 781073 509
163904 620474 470
321780 942541 525
101490 600122 470
177869 982203 525
218504 760958 509
260318 708567 509
491510 716998 509
348453 554490 470
71465 648076 509
248501 867213 525
80559 739658 509
181462 936503 525
328644 688299 509
240217 670615 509
275068 561420 470
46501 603472 470
332136 834293 509
26860 838269 525
276326 971192 525
110395 567299 470
361617 735806 509
74832 653969 509
251879 634792 509
374606 561732 470
228122 741417 509
460831 743723 509
485712 758148 509
334266 557316 470
171345 959657 525
482233 841626 525
254383 742389 509
196513 992384 525
447914 718139 509
321726 739135 509
423228 719542 509
65228 884488 525
189878 990180 525
439259 824709 509
151205 789964 509
224509 948143 525
269876 949559 525
380078 804569 509
472556 630196 509
249237 584606 470
220247 740209 509
430487 670591 509
296236 938169 525
495768 815904 509
416587 670632 509
254694 806019 509
344062 552712 470
476657 719915 509
40 994926 525
198516 727297 509
164853 585447 470
215946 720025 509
41671 745487 509
448030 868888 525
284498 694750 509
480730 643776 509
456462 918733 525
34673 879934 525
380218 596910 470
53214 673046 509
97991 729218 509
277470 847185 525
66716 983088 525
214604 875973 525
429161 659849 509
59101 805690 509
282080 779220 509
179418 699424 509
274038 977042 525
174556 829310 509
117832 761249 509
483010 999687 525
140707 715945 509
245249 969963 525
359985 994287 525
232517 689683 509
295577 948762 525
414888 680112 509
334815 768304 509
456841 693236 509
467640 717236 509
378938 909242 525
157811 581696 470
404801 593900 470
293185 550233 470
108711 953945 525
496599 828479 509
297189 975887 525
238058 965644 525
59846 567844 470
364876 830888 509
401259 956896 525
150679 565663 470
116494 601141 470
93449 869169 525
320670 805564 509
197051 719422 509
270070 846557 525
141799 569144 470
426692 752197 509
73201 723699 509
313970 702186 509
319397 943384 525
172172 814834 509
27590 969094 525
300401 614790 470
366686 873430 525
485245 746505 509
263190 964898 525
271443 562794 470
355020 960413 525
441765 675575 509
193835 567594 470
129492 779629 509
354452 648815 509
427059 643499 509
288801 907046 525
64058 724734 509
343844 971751 525
362111 832853 509
262338 672615 509
370192 611466 470
382568 588616 470
276411 661533 509
143054 782798 509
364379 552739 470
165134 896354 525
460088 867000 525
247088 640131 509
344155 753154 509
398323 877346 525
160954 669490 509
62254 929183 525
116700 757862 509
291010 755791 509
171961 942725 525
244208 606047 470
210490 854781 525
331283 810889 509
492053 705469 509
7942 987755 525
281531 929029 525
382691 823570 509
206318 620679 470
250887 749384 509
146917 576750 470
317156 624823 470
163092 813224 509
335158 776087 509
5379 912508 525
473420 884221 525
95640 770698 509
238575 571365 470
99887 619581 470
406240 660567 509
300865 623857 470
77610 980595 525
212853 962309 525
426569 623621 470
391805 818692 509
229575 882042 525
470185 784274 509
286709 880886 525
153808 557018 470
332258 780729 509
196911 946948 525
166160 774379 509
253664 786336 509
498053 877736 525
22506 758063 509
482978 612792 470
361496 787062 509
310040 610362 470
26835 577936 470
196635 837999 525
217814 889025 525
273753 633843 509
176538 887200 525
381422 686892 509
390742 607898 470
283127 890505 525
107048 995069 525
206761 572006 470
94863 629322 509
448210 583081 470
388290 644536 509
45107 654901 509
394840 755556 509
23400 895091 525
446369 961933 525
64740 660147 509
20942 736519 509
230510 922233 525
181064 858790 525
432767 805090 509
278121 567045 470
305057 822118 509
66543 912470 525
23231 617067 470
210935 844099 525
196557 960204 525
167200 724263 509
344758 830342 509
451071 999916 525
279539 788793 509
407124 661354 509
253718 883036 525
382408 949301 525
233482 843458 525
48818 757118 509
409922 797217 509
447937 836080 509
438553 675535 509
5644 592943 470
98190 607833 470
41864 847162 525
363372 803818 509
88950 600325 470
332582 727516 509
455396 635543 509
34897 560137 470
482776 702563 509
182875 649377 509
220289 884396 525
72311 955194 525
28228 963678 525
378017 776998 509
461314 664875 509
306338 820055 509
245061 823485 509
265981 835441 509
461572 970745 525
358256 662207 509
286263 920368 525
490243 630416 509
192251 975725 525
101763 872849 525
184682 555709 470
110312 818493 509
481864 658151 509
68445 581543 470
90441 632963 509
369580 992935 525
185164 621567 470
69517 893479 525
76359 902415 525
17005 993922 525
61117 598616 470
63177 920133 525
297274 631716 509
165039 687173 509
383608 660337 509
133877 919658 525
437467 911481 525
315962 793607 509
217991 720162 509
165690 856566 525
15516 666491 509
185813 640877 509
39179 628239 509
206750 563796 470
418426 906211 525
234955 894719 525
208112 652359 509
390621 680188 509
333933 820129 509
471411 563365 470
15947 706926 509
115486 876806 525
268288 726655 509
467838 948438 525
383129 822751 509
331900 883502 525
266855 947254 525
111588 977400 525
291107 641260 509
290011 836129 509
251192 949165 525
68760 765941 509
122491 640643 509
199801 618918 470
324234 695834 509
155268 995282 525
255100 862313 525
456218 922219 525
437371 926804 525
342577 982659 525
426213 673774 509
307657 913357 525
96785 817771 509
257257 559995 470
85593 790664 509
234223 614195 470
338784 828637 509
392446 661514 509
344018 557670 470
28939 810615 509
330705 730040 509
295196 728879 509
