1 10 20
100 200 125
201 210 89
900 1000 174
1000 900 174
10823 43615 324
30594 59978 340
2633 26475 282
93480 15351 351
46996 78372 351
78372 46996 351
1826 35497 311
39485 31814 324
347 829 171
23131 3898 279
29392 30313 272
36353 15124 324
30533 44656 324
33060 30887 285
41322 2547 324
48863 35219 324
33973 13024 308
3139 49204 324
25649 32401 308
23131 16495 279
35140 19387 311
34935 46814 324
40288 8867 324
25078 27774 308
15098 18508 279
26090 26749 308
10153 41271 324
3902 32500 308
18654 37960 324
48440 23003 324
27888 42904 324
21521 23698 282
47839 3980 324
25394 21469 282
40252 21186 324
16996 43840 324
23885 15374 282
10500 33197 308
29264 4105 308
13090 27378 308
14059 10653 276
20106 2678 279
37904 14032 324
40163 41200 288
43305 35379 324
31267 21102 308
24029 18738 282
6643 46578 324
48451 20693 324
49907 6383 324
9979 7200 260
34267 44720 324
11665 37178 324
28752 14662 308
44321 22867 324
29114 48875 324
6751 216 262
25324 24692 264
36999 24703 324
21296 9063 279
17787 29856 308
42090 161 324
20354 19520 274
42994 36747 306
20032 37839 324
23458 19875 274
41270 35440 324
4216 22518 279
43360 10144 324
6261 44224 324
15490 42250 324
46255 39325 314
5488 3837 215
3186 43424 324
17668 42037 324
8462 8563 203
37531 35009 324
23006 12394 279
31311 34542 311
15087 39785 324
44251 37382 306
1058 8128 262
48821 29390 324
30253 6443 308
24657 21826 282
16979 33360 308
1808 40966 324
28858 31297 272
49534 18347 324
44686 14212 324
43799 36496 306
34804 14033 311
23209 45492 324
3430 45060 324
13953 10480 276
35477 47606 324
3438 49236 324
25611 16304 282
7175 25291 282
7496 47939 324
19616 31665 308
3412 47039 324
1214 47092 324
37300 20592 324
21690 17891 274
28410 27800 259
36305 36192 187
17272 38564 324
9132 4649 262
7231 36906 324
11708 18654 279
16573 14853 271
5078 8816 262
40342 1466 324
9656 33624 308
9432 16038 276
26117 6487 282
33706 45649 324
34822 29054 311
39879 1408 324
47980 6284 324
42523 18633 324
48533 29759 324
28587 40724 324
44283 10016 324
31638 39758 324
23488 21153 269
6198 6391 200
25371 25511 246
36964 9150 324
15520 3605 276
29271 26815 272
27035 48307 324
5566 48234 324
41374 24469 324
31908 36690 324
4550 25792 282
17267 19931 279
38912 20133 324
41176 27939 324
41758 35460 324
41897 31640 324
2783 44639 324
31888 46545 324
21025 24737 282
44256 27261 324
30809 43054 324
14486 43858 324
43283 24629 324
41904 38409 306
30766 16112 308
27103 10264 308
26266 37715 324
24365 16523 282
27442 3776 308
29254 32770 285
