1 1 1
1 2 2
1 3 8
1 4 8
1 5 8
1 6 9
1 7 17
1 8 17
1 9 20
1 999999 525
999999 999999 259
999999 999998 259
999999 999997 259
999999 999667 290
19999 19999 67
19999 20000 67
19999 20001 168
19999 39999 324
19999 40000 324
19999 40001 324
20000 19999 67
20000 20000 31
20000 20001 168
20000 39999 324
20000 40000 324
20000 40001 324
20001 19999 168
20001 20000 168
20001 20001 168
20001 39999 324
20001 40000 324
20001 40001 324
9999 9999 92
9999 10000 92
9999 10001 180
9999 10999 268
9999 11000 268
9999 11001 268
10000 9999 92
10000 10000 30
10000 10001 180
10000 10999 268
10000 11000 268
10000 11001 268
10001 9999 180
10001 10000 180
10001 10001 180
10001 10999 268
10001 11000 268
10001 11001 268
939498 999999 458
939497 999999 507
837798 939496 525
837799 939496 525
837800 939496 476
837798 939497 525
837799 939497 525
837800 939497 507
837798 939498 525
837799 939498 525
837800 939498 507
499499 500499 395
499500 500499 395
499501 500499 395
499499 500500 395
499500 500500 395
499501 500500 395
499499 500501 395
499500 500501 395
499501 500501 395
123456 234567 443
234567 345678 407
345678 456789 449
456789 567890 470
567890 678901 509
678901 789012 504
789012 890123 525
890123 901234 401
901234 12345 525
12345 123456 354
123456 789012 509
234567 890123 525
345678 901234 525
456789 12345 449
567890 123456 470
678901 234567 509
789012 345678 509
890123 456789 525
901234 567890 525
12345 678901 509
987654 876543 507
876543 765432 525
765432 654321 504
654321 543210 509
543210 432109 470
432109 321098 449
321098 210987 443
210987 109876 383
109876 98765 354
98765 987654 525
987654 321098 525
876543 210987 525
765432 109876 509
654321 98765 509
543210 987654 525
432109 876543 525
321098 765432 509
210987 654321 509
109876 543210 470
98765 432109 449
776233 263242 509
279492 474314 449
564115 885308 525
760058 792158 468
647386 792720 504
87084 462599 449
225004 873989 525
848403 479081 525
269220 906977 525
167080 556980 470
408730 13305 443
587250 978707 525
166205 782272 509
91808 726034 509
576536 229974 470
194944 731664 509
298103 226665 443
885414 102476 525
947039 120648 525
838674 479280 525
494110 509149 426
100576 885687 525
47930 419583 449
254034 96638 443
861596 831824 525
686534 319566 509
25437 164906 383
429432 202506 449
253813 659736 509
211179 180419 373
904208 812865 525
580287 568501 390
689614 730415 504
449662 37437 449
379465 549017 470
971244 635796 525
977324 994004 427
320818 792703 509
511182 536153 470
760192 63228 509
843640 987482 507
794854 536598 509
375370 756412 509
35086 120570 354
609754 411469 470
246532 477503 449
722241 62248 509
486275 706676 509
170528 394708 443
173041 612687 470
464489 788642 509
90791 65942 351
907081 385483 525
518348 972277 525
27300 574295 470
526092 577945 452
722598 82844 509
893270 629947 525
460122 616450 470
679698 606489 509
852798 262203 525
34055 875387 525
535306 610593 452
734566 649608 504
662988 623730 509
331304 82689 443
628028 684115 442
204115 262994 443
140490 73215 354
166985 40367 383
9332 676846 509
512304 278406 470
480743 899974 525
113916 329532 443
897735 632125 525
463905 573948 470
986164 858216 507
39567 580326 470
848713 964432 507
358989 522022 470
859061 739380 525
533989 441687 470
564915 789820 509
623263 190349 470
320067 615669 470
104842 754419 509
761836 825431 468
618801 434968 470
670786 941818 525
903308 309870 525
