11358 113260 354
121627 132616 344
101751 351540 443
103948 71656 351
148850 384064 443
149042 106556 375
115147 31912 354
25153 190808 383
32005 220224 386
81989 15588 351
144972 286288 443
100500 291752 443
21773 86320 351
105190 81812 341
71827 320236 443
50980 234500 443
69387 45688 340
91639 144200 375
59086 335700 443
82108 265080 443
87435 109872 354
130107 265828 443
111294 335248 443
127404 12800 354
79081 101516 341
93686 33980 351
82234 182612 383
4157 257148 443
108890 355192 443
37069 4480 324
33053 161140 383
33620 70840 340
59025 131960 354
81555 73804 351
144741 365424 443
40793 287204 443
122863 116672 336
54767 206376 383
116118 124012 336
37138 131608 354
145406 358452 443
102373 4736 351
13210 304444 443
135001 356696 443
115496 161740 383
127900 239020 443
107132 306132 443
8835 348936 443
124658 132536 344
81434 371300 443
39517 383448 443
97357 265856 443
143805 368716 443
47623 366672 443
114757 51464 354
38604 253684 443
111607 391172 443
127946 52224 354
106428 371032 443
57166 157956 383
78091 260864 443
84539 381412 443
18193 375776 443
66842 102208 351
75983 48908 340
35363 46304 324
99257 327516 443
22799 162968 383
23703 158108 383
55532 3888 340
49002 259380 443
29379 243804 443
140052 189132 383
75598 234252 443
125265 26620 354
37720 331736 443
107377 51168 354
127076 337920 443
31342 172260 383
94692 52660 351
95080 298308 443
127688 151312 375
138424 266572 443
39897 250108 443
147454 210180 383
56375 261148 443
67111 115268 354
26465 361772 443
68422 180196 383
138410 382068 443
29370 28272 272
96541 164260 383
127741 341952 443
49295 322636 443
131972 167468 383
74008 289072 443
8991 77100 351
315 299252 443
48702 234574 443
35106 240124 443
13687 279298 443
33626 80568 351
23120 24472 282
34908 12442 311
38598 96536 351
2778 345226 443
22695 209434 383
27900 77026 340
48358 142422 354
36134 88736 351
34726 114428 354
22968 298838 443
43238 361792 443
21660 131686 354
35397 18872 311
19946 284650 443
47921 323048 443
43000 30712 324
26120 209566 383
22875 173446 383
20489 392698 443
10793 224042 386
36617 395986 443
28119 388998 443
2283 32436 308
25261 39682 324
38925 68810 340
22680 14652 279
10524 166374 383
39574 389694 443
21778 154582 375
39772 7790 324
2202 266614 443
24180 80584 351
16669 359568 443
21184 308048 443
9163 289248 443
44922 387142 443
43968 144624 375
45700 372756 443
4321 16046 276
22555 261132 443
1586 240572 443
20439 146006 375
36371 32772 324
25499 179238 383
41141 160400 383
30601 69166 340
4052 360982 443
4272 230354 386
22243 98906 351
30622 202146 383
37983 308144 443
33408 354436 443
41359 94816 351
6966 99632 351
43400 96174 351
15906 177890 383
2632 150840 375
37495 230986 443
23996 335490 443
1502 31430 308
5457 381390 443
28548 73298 340
7490 359728 443
3534 256446 443
44329 179298 383
3301 201890 383
42887 308564 443
17964 231696 443
32729 93446 351
46543 191622 383
10644 33690 308
20499 366510 443
559 84262 351
7738 237760 443
26890 170822 383
29840 219846 386
24407 164088 383
23711 148228 375
16500 161578 383
22831 398004 443
11859 46608 324
11672 314746 443
8820 279988 443
34512 295054 443
28814 16590 308
32320 319038 443
17686 278108 443
28097 286232 443
