1 10 20
100 200 125
201 210 89
900 1000 174
1000 900 174
3623 5218 238
3203 911 217
8601 9302 260
7745 5680 262
4751 6867 262
570 2053 182
1697 3405 217
9761 1654 262
1569 4548 238
602 6014 238
2065 6746 262
1093 25 179
7474 2871 262
7568 6346 257
1804 7344 262
3221 7155 262
9749 3689 262
9518 874 262
2243 6212 262
9678 9162 260
3566 9507 262
9061 6952 252
2841 8718 262
1230 1829 180
1940 1521 180
3263 613 217
1894 1143 182
5285 9457 262
6882 5998 262
3246 3016 199
5379 9404 262
3877 8832 262
4305 6051 236
4531 6770 262
5083 1195 238
9737 2991 262
9720 6443 260
645 6772 262
3562 5345 238
4156 1835 238
2539 266 209
9198 9270 260
1253 3033 217
2871 6641 262
8648 4035 262
1139 9713 262
5099 4484 210
9426 7151 260
6663 9402 260
1932 5525 238
882912 34695 525
998917 971341 440
305843 9785 443
479900 925366 525
322146 95841 443
711391 884211 525
770361 554256 509
941915 897417 507
118779 225948 386
774518 393879 509
934742 653217 525
957234 602996 525
502261 388834 449
307462 266225 407
735169 994648 525
603790 302543 470
510124 256984 449
434391 962771 525
73876 723235 509
624147 842172 525
211706 250224 443
706275 825808 468
975656 261891 525
67811 224554 386
461699 581561 470
149878 234029 443
668487 445889 509
458327 415326 418
143848 263523 443
96542 679406 509
619261 368573 470
565612 82178 470
324866 863307 525
366420 697596 509
353455 316734 441
497368 319294 449
25901 116850 354
855210 175470 525
614977 442837 470
602172 633504 509
476798 847013 525
292458 195764 443
757542 230840 509
996887 2961 525
470387 854793 525
551148 507684 470
853773 489387 525
204721 468786 449
156046 648981 509
627359 547351 509
