418515 603657 470
322152 132501 443
241267 283022 407
945884 443846 525
826645 783969 468
558408 176575 470
389251 655062 509
659639 995322 525
983817 503692 525
751331 336774 509
514709 176417 470
896235 199476 525
186286 135816 383
339959 659350 509
110591 690869 509
208468 396946 443
168480 384750 443
452235 604697 470
388555 831904 509
291851 913304 525
675937 763571 504
2446 605411 470
996927 758388 525
197630 711997 509
989620 257791 525
456043 891847 525
13481 453839 449
216759 660627 509
70158 24190 340
519369 270450 470
457129 453086 369
323343 97614 443
529775 772500 509
380063 316258 441
717541 76426 509
292197 495399 449
193272 594197 470
552774 864339 525
692396 879881 525
912954 240618 525
585508 978331 525
346303 228363 443
789229 698921 504
560023 636046 509
485762 519972 470
961486 42343 525
112099 108681 323
301859 322904 384
147946 956614 525
917341 695269 525
794755 22796 509
678243 860639 525
902864 911782 476
876354 488759 525
200587 690528 509
406978 913211 525
364218 148860 443
541634 186347 470
355882 818162 509
683165 722798 504
852771 602313 525
166231 920570 525
214425 516078 470
775047 658112 504
857693 919310 476
520843 809959 509
26482 45297 324
664379 911231 525
992013 206500 525
248523 642159 509
780074 249027 509
654403 904098 525
39005 961698 525
377927 433242 449
167614 543216 470
621525 18599 470
930754 269542 525
430498 907019 525
859870 381961 525
663146 536302 509
595864 156236 470
406502 974396 525
13288 347362 443
550309 97371 470
9696 225799 386
194105 905749 525
721833 142549 509
666774 335135 509
933891 815336 525
493828 444135 444
270201 676594 509
320016 211910 443
787705 939310 525
180609 578885 470
468215 137968 449
411303 725435 509
822489 746992 468
11181 64240 340
86506 31579 351
766531 456889 509
961637 44384 525
16713 551810 470
36698 960393 525
690317 114544 509
958588 548470 525
282318 643238 509
850088 301364 525
815206 184579 509
817646 411173 509
268009 997555 525
134856 843542 525
932805 247566 525
524299 745769 509
142428 770929 509
790788 831181 468
554442 391068 470
306891 593202 470
288647 987693 525
369904 323725 441
16208 207901 383
393791 877740 525
40572 402807 443
887489 346236 525
359788 178920 443
162426 905753 525
784480 695125 504
627844 431242 509
260316 136282 443
181460 479966 449
792767 879529 525
984853 829164 525
793189 509424 509
77135 169055 383
436953 939136 525
657694 73413 509
132664 178016 383
301242 798626 509
159497 158971 352
729365 359645 509
215330 814955 509
484065 800344 509
64580 667747 509
479920 683917 509
919567 784359 525
235332 372139 441
490386 969194 525
40310 421686 449
191825 691612 509
424224 565987 470
244627 209601 443
264136 409118 441
419350 866047 525
25151 395974 443
189099 167564 365
584393 208784 470
683340 654175 442
823374 920659 525
107162 714910 509
462098 792495 509
90437 540965 470
375058 86199 443
378903 568627 470
678579 745243 504
654128 503453 509
108192 986207 525
656432 624854 509
914829 622950 525
927379 470025 525
74547 632703 509
579056 61010 470
11157 375297 443
536953 728901 509
689086 528631 509
688536 470859 509
535614 457199 470
304406 487224 449
661299 996573 525
125620 945607 525
982538 546498 525
705275 657425 504
474210 966280 525
615171 606123 447
239927 887549 525
941522 23409 525
142705 774902 509
483330 997966 525
405929 890402 525
962291 942191 414
307137 95002 443
893737 309609 525
943409 269269 525
743301 472574 509
245240 845522 525
744775 551157 509
245204 902572 525
324420 157570 443
42933 907069 525
613604 966946 525
76160 601387 470
706046 982804 525
