1 10 20
100 200 125
201 210 89
900 1000 174
10 1 20
200 100 125
210 201 89
1000 900 174
1 999999 525
1000 999000 525
999333 1245 525
1245 2345 183
4444 4444 34
999999 999999 259
625064 201561 470
191703 285100 443
309879 991952 525
425227 760882 509
843012 256870 525
385180 33516 443
71034 499024 449
265976 113175 443
318487 453670 449
744544 356740 509
345549 245334 407
965248 373688 525
74455 814151 509
686665 433055 509
852918 576921 525
904516 764540 525
978587 594643 525
978633 476009 525
736556 527536 509
6058 860088 525
133277 779650 509
115673 184201 383
695282 240801 509
755968 93939 509
363687 587669 470
656886 123018 509
81843 993308 525
660416 696069 442
266368 49284 443
632839 492095 509
981284 339195 525
634398 378519 509
704674 325127 509
92543 489382 449
455605 146981 449
86164 137293 354
954845 293586 525
243080 901554 525
236129 428983 449
547025 689814 509
880202 469143 525
651852 837827 525
628037 425296 509
284025 363369 441
81517 773776 509
429796 345883 449
819332 539688 509
23545 900418 525
65557 638031 509
310754 390340 441
122594 638416 509
653880 765527 504
993538 566823 525
709336 972950 525
329150 833459 509
211817 633542 509
508191 829609 509
723823 639184 504
298101 407740 441
512760 644831 509
75951 252345 443
201356 684930 509
595461 327291 470
447212 56804 449
522672 557337 452
575153 32680 470
27254 539920 470
968035 380567 525
917320 482451 525
963976 777338 525
815245 987551 525
319706 636502 509
862416 802459 525
762725 328154 509
997337 903226 507
882513 693289 525
589556 355805 470
761859 848937 525
990368 938169 507
837799 837799 525
704511 704511 243
500 500 111
500 2500 209
638416 122594 509
576921 852918 525
356740 744544 509
256870 843012 525
1000 3452 217
