1 10 20
100 200 125
201 210 89
900 1000 174
1 11 20
100 201 125
201 211 89
900 1001 174
22 22 16
1 1 1
999998 999999 259
999996 999999 259
20 1000 179
99900 99999 227
1 99999 351
1 2 2
123 456 144
100 500 144
1 6 9
450000 450200 369
2 20 21
2 20 21
3 30 112
4 40 112
5 50 112
1 1000 179
500 1500 182
1000 2000 182
10000 20000 279
15000 25000 282
17500 27500 308
10000 20000 279
20000 30000 308
30000 40000 324
30000 45000 324
35000 45000 324
45000 55000 340
8989 9000 185
41 42 110
13245 50000 324
91234 99999 333
1 11 20
4 4 3
999999 999999 259
16 64 113
16 32 112
15 64 113
15 31 112
255234 255321 239
90 9000 262
9000 9001 141
8 800 171
9 800 171
10 800 171
9000 9900 260
9000 9800 260
9000 9700 260
8999 9700 260
8999 9800 260
8999 9900 260
8999 9701 260
8999 9800 260
9000 9901 260
1 2 2
2 3 8
3 4 8
5 6 9
7 8 17
9 10 20
555555 555555 147
4999 5000 91
30000 40000 324
30000 42000 324
10 14 18
42 159 122
42 42000 324
99 999 179
2464 3116 217
247 2536 209
2532 4638 238
468 6899 262
2560 3254 217
12 4264 238
538 7538 262
247 3788 238
375 8647 262
98 347 144
246 809 171
56 246 128
2467 89675 351
26 953 179
6976 23454 279
7897 23546 282
98 678 145
462 468 129
579 633 132
95 267 128
254 856 171
9 375 144
365 365 95
134 875 179
