1 10 20
1 999999 525
1001 2000 182
2000 1001 182
5 50 112
100 1 119
50001 60000 340
50000 60001 340
273996 884289 525
732103 53650 509
671952 587201 509
661039 15809 509
212054 324272 443
751807 184699 509
652881 900134 525
898233 576286 525
107989 323274 443
563645 730715 509
537070 220576 470
581229 814364 509
39383 259507 443
80679 260661 443
361133 89516 443
260622 442492 449
493265 688817 509
129127 342343 443
113618 337744 443
557709 441938 470
973560 24737 525
305740 868826 525
235865 303799 407
624695 840087 525
88520 869052 525
700581 133482 509
477687 570429 470
355579 754209 509
344760 381831 441
709945 220494 509
211953 636369 509
883500 392087 525
329606 761285 509
455475 888672 525
807144 375973 509
403031 27823 443
938643 271599 525
517194 201949 470
404147 575715 470
522029 944822 525
83120 883010 525
357831 824398 509
3768 908437 525
329387 953941 525
242698 983713 525
221451 326973 443
710193 542061 509
573326 538710 452
531038 924723 525
238933 760655 509
162970 530292 470
4149 150848 375
463611 175208 449
112342 852498 525
442277 202141 449
787112 854067 525
940732 685699 525
491349 95992 449
58346 844791 525
936255 103620 525
453 661529 509
515774 447093 470
897928 546527 525
72645 161342 383
513232 448234 470
350257 636597 509
671451 671442 217
972504 890718 507
484469 632814 509
491262 374344 449
540521 231102 470
57615 726559 509
972586 386545 525
92308 543486 470
553686 465558 470
861382 869694 388
388574 139539 443
797324 169166 509
766969 315160 509
276888 294537 389
761290 622705 509
300508 548545 470
827673 310326 509
781252 965040 525
848949 165294 525
943460 226776 525
184834 928394 525
760209 371263 509
730357 318907 509
916041 152912 525
51126 982382 525
520611 442415 470
953956 391583 525
370351 403587 436
538371 803816 509
395088 74895 443
308078 860241 525
61210 249182 443
179409 899640 525
495089 990370 525
737660 493736 509
858875 774025 525
339614 635851 509
121993 466734 449
697759 62033 509
617579 871515 525
959426 547821 525
88333 418137 449
36594 961110 525
985579 284517 525
11093 230756 443
432662 89212 449
743385 950504 525
316615 964639 525
450479 389805 449
780565 63016 509
138284 773433 509
512902 846595 525
828635 730098 468
773676 29918 509
398538 112565 443
257396 834562 509
900208 389079 525
867498 862312 388
5262 292776 443
765842 527097 509
451877 828328 509
491260 57660 449
39681 616179 470
839768 774116 525
93675 42188 351
118161 271229 443
965847 269760 525
197194 874386 525
827274 765509 468
102405 475675 449
158834 706302 509
93654 720186 509
589932 442893 470
112922 747567 509
480629 681602 509
159198 681709 509
94867 66473 351
156338 838848 525
960943 656599 525
424865 411211 418
432735 38346 449
591302 793877 509
650714 91706 509
198809 865579 525
961665 753338 525
305790 192073 443
747662 686591 504
605774 995016 525
323277 629681 509
381165 713448 509
202350 451392 449
765019 608049 509
943883 597223 525
700978 285613 509
557260 681346 509
198294 153692 383
830555 946363 525
356380 2105 443
348602 273785 441
517777 754598 509
469484 47858 449
260181 56079 443
791167 690974 504
929136 179039 525
795401 504026 509
325067 254773 407
149783 374267 443
636429 917332 525
