230974 26024 443
998370 396729 525
145131 424354 449
658288 393507 509
108927 99692 354
403837 577229 470
543491 116159 470
12712 651630 509
111448 184006 383
910341 885418 476
784075 737779 468
353732 734129 509
684889 936898 525
318784 84079 443
349947 652800 509
883030 189487 525
23277 291997 443
873833 233733 525
892946 260526 525
609260 360626 470
536865 731718 509
596157 130875 470
579737 555716 421
386202 609929 470
754803 590927 509
189184 665507 509
781474 882990 525
588729 95120 470
172742 621282 470
881557 759684 525
874726 248799 525
815602 491352 509
571876 983079 525
199170 138210 383
995343 11467 525
543660 903153 525
982946 814288 525
250681 937154 525
596280 414698 470
279736 785127 509
21087 819754 509
849382 586227 525
209938 376380 443
58276 394494 443
311712 828504 509
831518 614987 509
956113 600317 525
507807 531125 470
604786 642618 509
178492 674575 509
862757 92977 525
257244 429966 449
947448 166800 525
968672 360589 525
121621 205239 383
552509 642058 509
490005 839713 525
491414 484648 382
561697 589993 434
561987 287481 470
252016 994286 525
387727 321053 441
705078 434071 509
435915 448974 400
581146 501047 470
807175 280764 509
684999 946214 525
829205 206773 509
427294 376056 449
618154 157982 470
4960 584719 470
478601 946991 525
631160 890567 525
998840 142191 525
468825 263259 449
860670 315087 525
732089 473679 509
393760 245309 441
609572 716922 509
748243 323898 509
778623 921365 525
333433 15623 443
911349 112668 525
432702 232151 449
508341 630065 509
17848 316347 443
468870 589054 470
607268 89463 470
232014 118242 443
421771 49023 449
82187 714762 509
535550 553696 452
743899 505010 509
107916 676872 509
606625 339089 470
481010 56282 449
402978 778025 509
715319 468003 509
803169 212672 509
603576 315213 470
792045 646864 504
133408 190120 383
319951 364752 441
607010 202872 470
249556 650912 509
531010 315763 470
355939 144188 443
560917 328555 470
675719 254507 509
509430 117604 449
103368 710796 509
217271 610908 470
336614 945031 525
973554 860768 507
934235 520032 525
425518 771687 509
479718 299365 449
624870 834026 509
541660 840577 525
159423 58287 383
572011 280542 470
691589 302667 509
855874 903982 445
60230 886091 525
426276 521346 470
676166 285251 509
802904 147738 509
830593 34606 509
141295 819920 509
247072 211302 443
620674 696835 509
855884 766912 525
536576 737234 509
548937 951214 525
410513 572157 470
393585 85580 443
610974 738822 509
309864 890811 525
8836 816147 509
824915 438119 509
114535 903670 525
44489 361684 443
746124 729169 424
832510 127902 509
633248 841796 525
464589 42843 449
639535 54389 509
578544 180694 470
69796 612790 470
927272 397355 525
