1 10 20
100 200 125
201 210 89
900 1000 174
721743 657288 504
275626 671613 509
139636 460552 449
901996 73264 525
343825 195450 443
585895 750662 509
243456 319518 407
2581 522060 470
1614 238817 443
747331 591299 509
179503 790197 509
352492 457322 449
226720 726571 509
314928 736895 509
817930 875802 525
592003 873723 525
289018 462516 449
907882 608011 525
340280 701662 509
219206 792906 509
278235 599654 470
339935 565861 470
424765 814598 509
237604 803330 509
877374 258604 525
602567 507512 470
435940 277698 449
109238 668990 509
247302 485729 449
689485 743670 504
987337 364131 525
601364 656137 509
667299 434488 509
489111 910082 525
884759 285821 525
251477 66664 443
367559 355325 410
620513 691096 509
277759 956295 525
388386 711272 509
199752 32773 383
884863 547611 525
357354 495769 449
890495 903251 401
546738 846871 525
550523 618219 447
844341 658836 525
290792 110654 443
392719 823632 509
662545 397924 509
522699 952275 525
473434 972197 525
834356 565723 509
69550 966327 525
915280 705935 525
562924 683714 509
736960 29617 509
172184 94303 383
883653 212528 525
975742 848911 507
312258 978069 525
182516 782714 509
196407 962941 525
667018 863609 525
219858 922818 525
412607 965802 525
881621 371160 525
883570 972033 507
790947 577551 509
269869 573716 470
885532 191593 525
351799 311118 441
72921 949079 525
946674 394057 525
923290 725407 525
377211 794945 509
705867 758478 424
560531 681312 509
129648 794055 509
655875 871423 525
768119 565165 509
447207 282790 449
106432 589250 470
786241 254512 509
214713 986520 525
263689 139971 443
854913 904972 445
661976 464573 509
310960 707035 509
930465 581474 525
871352 871837 282
578722 805591 509
116511 629726 509
639179 643277 416
577628 906756 525
174297 14520 383
984773 392021 525
586373 1511 470
657348 964797 525
406914 49253 443
235230 747441 509
357348 686050 509
840281 490600 525
725987 488440 509
728552 819933 468
551943 669475 509
857940 429681 525
217246 609067 470
99460 916089 525
921626 186061 525
575640 684951 509
749522 405384 509
593090 718524 509
5428 383377 443
291726 54258 443
159273 876092 525
544969 845413 525
748842 116715 509
722634 182934 509
34322 628662 509
317859 251514 407
205723 500738 449
636707 94892 509
728176 285687 509
631648 145104 509
533850 28602 470
824130 109179 509
419701 549752 470
197732 227374 386
295756 867651 525
717353 244722 509
475130 68598 449
187760 630324 509
797636 279865 509
674835 180872 509
192832 136733 383
158798 759160 509
211697 819435 509
185550 425827 449
465657 487588 413
737785 376347 509
317269 737134 509
561777 902112 525
253627 541392 470
632173 975872 525
614397 825925 509
