1 103 119
100 200 125
201 210 89
900 1000 174
1 1000000 525
500 500 111
500 501 111
499 1001 179
225 999999 525
500 300 144
101 998 179
44 89 116
130 657 145
499 1800 182
22 32 112
998 455689 449
1 626 144
1 876 179
1 125626 354
6 57131 340
40 74572 340
9080 25691 282
9 95319 351
185 493 144
57893 81883 351
78 179 125
5 69917 340
231 57225 340
166 13800 276
726 5869 238
445 38910 324
21809 46673 324
44870 68078 340
411 835 171
488 85890 351
8 15770 276
1535 8615 262
14861 78073 351
3243 49473 324
271 52073 324
441 54420 340
45 74805 340
703 77909 351
22 69102 340
67328 82373 351
729 69823 340
353 406 126
782 34624 311
516 1828 182
7635 51434 324
779 97321 351
428 40071 324
72 125 119
501 733 171
640 50448 324
13781 84187 351
135 23821 282
38621 71428 340
260 338 144
701 8434 262
202 32303 308
63937 85149 351
975 84892 351
978 5340 238
67 4691 238
48238 89247 351
21822 89183 351
51979 58352 340
45833 79134 351
606 662 145
537 21509 279
68 192 125
91 93051 351
36138 36873 249
18364 44366 324
810 88451 351
7114 17534 276
496 53398 340
2 665 145
138 9145 262
591 26106 282
5627 65310 340
7 80909 351
8704 35845 324
830 9923 262
83 518 144
187 62754 340
2 238 128
427 87347 351
188 55659 340
415 718 171
272 64781 340
47019 76518 340
852 3151 217
1928 56694 340
1 73294 340
90502 90745 240
10429 43960 324
7315 38335 324
202 987 179
431 25102 282
727 13866 276
765 67669 340
20423 31869 308
7920 80335 351
1004 49275 324
9 49913 324
7040 8107 252
753 17617 276
2 67179 340
660 89441 351
67215 93576 351
11508 47512 324
30 9095 262
9 9839 262
7181 96230 351
37 87160 351
86 89867 351
670 80886 351
493 66251 340
11697 52133 324
35504 79242 351
15623 23350 279
739 84840 351
53 94782 351
2 95987 351
99 39178 324
848 89734 351
698 28267 308
44470 70621 340
13 928 179
219 511 144
21822 68141 340
6681 41359 324
545 28968 308
8976 41044 324
525 4387 238
7 69723 340
145 8577 262
33507 90952 351
80 541 144
2 65 113
7721 7904 221
91 875 179
59 126 119
4 41192 324
886 23863 282
208 93836 351
893 40685 324
25540 34238 308
68 22079 279
27 356 144
22 42484 324
3 74982 340
511 48393 324
49436 63414 340
3 17 20
66 996 179
453 747 171
93 1490 182
2045 40270 324
11 50120 324
531 87514 351
34204 51242 324
6527 40352 324
9261 68335 340
7 86998 351
39837 52411 314
36 33376 308
13613 88637 351
57224 59086 273
54 245 128
974 82620 351
867 31826 308
22572 97961 351
5 77063 351
149 799 171
63893 66004 299
64233 89020 351
9 80114 351
81 85 111
408 75741 340
754 2226 183
832 20424 279
3 522 144
881 2421 183
6370 12849 268
22 25052 282
29 64557 340
18402 89453 351
103 5896 238
10 11407 268
42580 85998 351
615 18591 279
209 82677 351
332 18242 279
8779 94248 351
96 79172 351
80 48338 324
15619 25609 282
92 57806 340
19695 95792 351
529 977 179
