34815 126486 354
884503 120148 525
160283 842496 525
377402 167726 443
71115 153312 375
801684 338742 509
886611 773154 525
804384 997348 525
516114 219764 470
441318 722098 509
297437 419383 449
181399 220886 386
801790 748091 468
764253 506400 509
577873 573535 390
314269 767436 509
224846 497643 449
336961 373186 441
974221 333913 525
844151 890450 445
920255 950995 507
355024 870811 525
554373 683557 509
820947 122851 509
194190 637684 509
680074 282818 509
385407 335810 441
713518 254405 509
588782 813625 509
495051 930714 525
897167 222950 525
823833 695782 504
189661 784883 509
167597 110188 383
589439 66960 470
3888 531646 470
76543 360253 443
202226 952296 525
598250 448860 470
822573 870099 525
235527 130365 443
537762 81191 470
746018 885524 525
957085 642891 525
863459 350021 525
745662 640368 504
202009 981807 525
927074 408064 525
307865 892865 525
451779 478394 444
692144 583596 509
506526 646966 509
278661 872390 525
751655 30286 509
568976 434469 470
970508 152204 525
278296 772667 509
814462 217200 509
562214 100608 470
608290 97005 470
891401 114086 525
470798 298670 449
868412 302780 525
909042 139855 525
19086 94733 351
478528 165131 449
822369 6991 509
725794 774809 468
607672 210886 470
793046 48554 509
120115 3267 354
13686 507279 449
225775 693819 509
875203 976478 507
726474 427332 509
81152 979939 525
519893 951959 525
50725 779301 509
459574 16104 449
78372 366580 443
789486 781683 406
553341 298891 470
631336 661982 429
979316 546489 525
597023 681877 509
199953 252450 443
970512 454992 525
821229 48426 509
671227 243537 509
196370 92731 383
930439 727909 525
288102 997618 525
824115 209798 509
92101 157719 383
205794 690719 509
589420 774806 509
774738 737355 468
321933 72546 443
360055 247932 441
945266 959265 414
