1 10 20
100 200 125
201 210 89
900 1000 174
1 1 1
2 2 2
3 3 8
5 5 6
10 10 7
9 9 20
7 7 17
6 6 9
27 27 112
1 1000 179
86164 137293 354
3432 339042 443
954845 293586 525
483303 64900 449
1 999999 525
999999 1 525
2738 86309 351
672 459 145
942141 550865 525
475899 304041 449
3482 567893 470
129857 223879 386
100 900 179
900 100 179
3893 49090 324
73802 89230 351
10 1 20
2379 34392 311
5638 357842 443
56924 872348 525
32483 54024 340
393935 347283 436
748 437 171
93890 528479 470
75829 739298 509
838983 234901 525
39204 32920 324
64920 379221 443
388103 873902 525
345678 456789 449
12345 6789 268
1234 56789 340
38943 290483 443
239481 849302 525
392057 673821 509
569 3490 217
4729 20474 279
230940 837202 509
474892 932837 525
139 7394 262
9365 26893 308
33848 72382 340
394 649 145
83829 383004 443
79475 284759 443
583916 937461 525
729384 484819 509
839244 283993 525
399 599 142
30004 89384 351
57483 3857 340
2848 28394 308
458093 948424 525
63739 173848 383
84747 47478 351
3490 18274 279
903 78394 351
7483 27395 308
48827 6398 324
78948 328345 443
38971 823848 509
278465 638295 509
383857 19356 443
13792 72948 340
3398 7285 262
938 3891 238
23398 28384 308
273849 273850 58
48392 98398 351
38489 28475 324
285949 839485 525
738928 385 509
9375 72853 340
21784 23752 282
89723 9847 351
298534 12 443
247 678 145
246 135 128
75892 83745 351
874913 139845 525
28465 357192 443
848471 73569 525
725 779301 509
459574 16104 449
78372 366580 443
3894 274859 443
54238 285762 443
83947 223 351
26385 184756 383
98724 375892 443
36492 673859 509
