1 10 20
100 200 125
201 210 89
900 1000 174
522722 273706 470
80916 141351 354
678959 478639 509
830824 662784 504
257485 123559 443
483054 125372 449
941706 552562 525
205662 203 383
131693 222281 386
399831 53250 443
170367 416941 449
474490 359537 449
149296 137929 375
797158 360371 509
500648 415226 444
160651 87664 383
88255 109374 354
494074 121591 449
301666 68701 443
186446 60658 383
490431 20850 449
333453 21356 443
368743 82384 443
325068 16582 443
359392 145939 443
82977 90717 333
91365 194770 383
189495 102852 383
455306 104788 449
23611 106634 354
44607 5710 324
43398 84977 351
7795 1340 262
16880 180355 383
28502 35706 324
44658 29772 324
14737 139758 354
3387 30847 308
28405 191957 383
155 138805 354
6918 45395 324
28869 108199 354
19316 133751 354
18338 22921 274
42628 95455 351
6427 363427 443
17539 303414 443
33496 247319 443
10227 57959 340
6836 468920 449
43923 220049 386
45602 640829 509
7268 444718 449
36381 215987 383
24830 613214 470
19163 273801 443
409 49063 324
367 7465 262
304 61962 340
287 31616 308
9421 482441 449
27616 620909 470
10424 506923 449
9498 411802 449
97910 311177 443
102293 517856 470
33696 331645 443
477690 958723 525
164899 183377 365
49649 688996 509
179642 747797 509
296658 631816 509
381514 956322 525
129223 31922 354
246782 565957 470
438200 299934 449
159549 87786 383
23 92601 351
10 22221 279
81 29378 308
512 3415 217
11 84384 351
756 59112 340
423346 744601 509
401061 872184 525
269747 830468 509
271974 684626 509
480180 380191 449
183069 463470 449
86291 958211 525
93942 21493 351
193925 11569 383
198187 11451 383
33053 22884 308
139254 10573 354
82938 31511 351
134736 25800 354
662 60319 340
180 37548 324
137773 34214 354
74554 33494 340
81076 17207 351
20750 14592 279
35673 21940 324
103920 18429 351
5943 13203 268
84195 18027 351
107548 26499 354
445 54199 340
377 57019 340
651 54254 340
209 34888 311
172472 48665 383
134986 13989 354
184033 43518 383
132120 46245 354
150 19612 279
165 40263 324
381 77849 351
54 33549 308
163010 383454 443
180548 596404 470
124748 527533 470
152202 326229 443
17677 180194 383
24384 123647 354
54519 515135 470
12224 229452 386
197041 458252 449
47464 433665 449
171878 486315 449
36426 153520 375
161674 104202 383
110839 476030 449
76587 352689 443
102435 492543 449
161967 38651 383
120348 30409 354
127155 54544 354
51096 61658 340
141783 121 354
19269 55066 340
100667 91344 341
21294 80587 351
65330 57974 335
13190 42717 324
41927 15592 324
69639 61292 330
95423 5709 351
73922 89958 351
104926 21096 351
39544 97545 351
104871 50830 351
124335 56171 354
139616 46609 354
19676 83092 351
61426 87451 351
93621 317501 443
99312 154849 375
144494 499672 449
51116 43658 314
55525 144222 375
143029 171172 383
81599 150270 375
135054 53532 354
102646 149718 375
90174 130828 354
55425 60926 322
142065 135316 344
55178 160218 383
32097 75264 340
47085 71908 340
123317 195240 383
59575 87598 351
137589 97306 354
117728 120548 336
5274 121206 354
87970 106650 354
109782 161242 383
57712 122236 354
131650 105420 354
106043 50552 351
17594 375176 443
30198 236040 443
66040 231132 443
29676 235960 443
46577 58368 340
