1 10 20
100 200 125
201 210 89
900 1000 174
2 22 21
3 222222 386
111111 888888 525
789 89797 351
12492 497426 449
563790 892052 525
123654 765234 509
890765 989619 507
759394 897642 525
321681 676565 509
747593 932221 525
438482 764674 509
332277 556633 470
221144 663388 509
447733 889900 525
770066 989898 525
131790 871601 525
8 54 112
232 985798 525
6757 39585 324
9898 974782 525
77474 484848 449
294842 242 1
85724 2424 1
58586 929 1
94 49274 324
100 28484 308
97505 975973 525
9859 735732 509
232 7575 262
9474 4 1
1239 847253 525
4857 75853 340
97778 888765 525
333444 555332 470
1199 9999 262
9013 2009 1
75645 5327 1
62130 73632 330
78666 78705 201
90210 100000 333
48484 48482 1
2444 772 1
2 4867 238
56583 726462 509
20484 888888 525
666 4444 238
999 2222 182
9999 998 1
1025 2016 182
2012 4014 238
2 3 2
8 9 4
1000 999999 525
89 760000 509
1776 1993 175
1993 2043 157
3086 840343 525
759302 2 1
999 1 1
1 80000 351
191 8374 262
38384 75657 340
474 92920 351
575 755757 509
512 665 145
21 90 116
665 2108 182
8 80 116
48 3830 238
890 980 174
2000 5000 238
333 3333 217
55555 555555 470
666 666666 509
9494 48475 324
57575 232343 443
1000 100000 351
8585 585858 470
49292 92145 351
57575 2 1
2 9 17
5588 8855 262
123456 987615 525
88000 99000 333
971 8774 262
1284 847474 525
9999 10002 180
8888 8889 35
557 778 171
200 4000 238
4858 85858 351
982 4484 238
939494 88853 1
100 101 26
102 808 171
48 222 125
22 87 116
