543776 546459 346
101118 939213 525
516897 878879 525
208567 423798 449
745352 897634 525
256430 428500 449
207304 616767 470
227809 245612 443
319173 457899 449
99814 746350 509
213814 476082 449
114273 622090 470
517851 878418 525
5171 629430 509
280522 804022 509
278824 845421 525
79766 376525 443
340829 813553 509
727727 872377 525
468643 641021 509
97181 789901 509
229500 704229 509
106393 941574 525
68446 504152 449
413221 844692 525
896769 929986 476
61044 472360 449
549312 786029 509
228395 808440 509
239845 623329 470
227200 760586 509
321920 999185 525
831426 964629 525
333847 688573 509
113796 646209 509
685317 877509 525
32874 181931 383
61678 347110 443
627353 741321 504
312907 475856 449
424342 806902 509
40053 764084 509
52327 964317 525
366899 444543 449
55191 139798 354
364785 709918 509
63874 905535 525
63817 382680 443
496181 875619 525
187589 221033 386
683139 715847 504
387779 800215 509
745380 906634 525
343690 516998 470
288794 505993 449
532886 833892 509
306209 508066 449
260461 920469 525
734384 808699 468
396208 622212 470
251779 944332 525
510990 892579 525
261245 515370 470
338582 848732 525
287360 835599 509
549438 623468 447
285417 810473 509
275663 617844 470
110885 836261 509
559504 723209 509
268039 995726 525
607255 881539 525
77405 971041 525
470938 934758 525
653609 821240 504
84321 544350 470
709600 938125 525
643910 845657 525
316920 984370 525
125132 461560 449
358551 426717 449
860255 936068 476
70116 846419 525
389388 748404 509
152705 162642 383
283926 777337 509
800433 898156 525
831271 905876 525
550825 717751 509
754754 993570 525
33696 780667 509
99812 121312 354
603968 829666 509
436211 442079 400
305881 580778 470
314414 442479 449
666780 843126 525
698916 707531 504
12643 332716 443
549187 718066 509
136587 546027 470
96334 529890 470
172612 391773 443
243501 813751 509
171677 800314 509
139371 436047 449
394438 991549 525
63155 805977 509
14570 193499 383
371858 549664 470
532526 601389 452
223589 868612 525
416985 565653 470
505202 797560 509
306444 410610 449
485643 868520 525
625463 804481 509
144808 456566 449
217274 707801 509
601929 618557 447
417991 769685 509
240904 884789 525
155833 361826 443
433786 794573 509
471696 918128 525
411305 766322 509
482686 726181 509
298867 682944 509
164336 878618 525
197963 784097 509
352422 795792 509
192583 341969 443
811634 825832 450
99 454663 449
304304 695709 509
893373 893711 295
112708 232702 443
308117 477245 449
8856 213678 383
125160 999514 525
795978 860420 525
141927 170015 383
183972 464604 449
372807 649915 509
199734 603469 470
43280 620543 470
210358 758615 509
6198 839902 525
337615 490968 449
62813 586296 470
6789 213840 383
71130 497898 449
76622 568283 470
314112 549416 470
199565 681068 509
293439 348605 441
445307 492830 444
175867 321298 443
816132 851869 525
322163 410460 449
