50948 62739 340
73900 8691 340
358196 341601 441
132692 117165 344
291004 301327 371
13910 75335 340
98124 74747 351
452134 438270 400
59423 75914 335
127196 116256 336
59387 83065 351
342819 355167 441
900891 890374 401
603450 589836 403
181857 171848 365
114821 127981 349
30184 93457 351
15360 105008 351
126333 113926 349
53381 31068 340
3823 67914 340
140109 151045 375
238081 228066 443
4395 47232 324
326844 336920 366
215092 225827 386
84303 95722 333
602621 592465 403
139566 150146 375
94123 11940 351
100284 24462 351
340735 353062 441
325234 337735 366
477445 467295 413
183647 173241 365
214097 225066 386
345103 356887 441
355248 340348 441
10317 71001 340
449007 438262 400
95610 22916 351
600896 589700 403
108072 90310 354
139092 151079 375
34964 11489 311
448562 438262 400
338868 323535 384
334611 323934 384
86187 54441 351
65511 82107 351
35223 78934 351
113147 17561 354
182299 170598 365
131410 119927 344
72799 20448 340
345401 357821 441
79813 56527 351
352905 342011 441
291048 302320 371
132272 120168 344
19564 90947 351
450713 439522 387
10435 26287 282
120219 133989 344
338364 323652 384
249 67747 340
95352 30079 351
590947 603994 403
24968 9859 282
131547 121412 344
355101 341064 441
448586 438132 400
98199 48365 351
126805 115166 349
340578 351782 441
132204 116666 344
592672 603215 403
106245 5385 354
172545 183910 365
170513 182724 365
131368 118874 344
15702 49067 324
20719 102965 351
590225 601114 403
890312 900406 370
23396 65981 340
182904 171042 365
55208 44530 340
184077 172791 365
453032 439138 387
184481 174419 365
128879 116519 336
31631 67967 340
8317 49769 324
85783 56934 351
71846 49959 340
150093 138408 375
601457 591214 403
213965 225810 386
74574 110702 354
268434 258253 407
239125 228985 443
452436 438850 387
150562 138643 375
65699 46976 340
16776 110207 354
451803 441552 387
101996 44298 351
37812 108632 354
452466 440023 387
111901 35233 354
340598 351117 441
7659 44449 324
601973 590962 403
127809 117061 336
113511 126343 349
452885 439783 387
77041 106977 354
226716 215220 386
97448 8566 351
75999 12062 340
105713 36084 351
24488 5810 282
324072 339250 384
121954 132985 344
84448 73208 351
301233 291217 371
133208 118696 344
116326 128005 336
357000 343670 441
20534 108018 354
71791 55003 335
603465 589984 403
22426 74824 340
77254 64945 351
325050 338218 366
9037 46196 324
100789 88474 341
353945 341307 441
2020 83536 351
184222 173013 365
327013 339913 366
97803 83613 333
113189 3574 354
61098 96960 351
37086 96765 351
337223 324581 366
114369 130438 349
38838 85620 351
356732 340691 441
357053 344337 441
227229 237972 443
344533 355917 441
215776 225821 386
170755 182629 365
76984 105241 351
30712 64347 340
88971 28056 351
324788 335676 353
339866 323464 384
149548 138904 375
36063 49991 314
452023 440354 387
353320 343203 441
342057 353032 441
72239 100923 351
347034 357247 379
73033 47782 340
467434 477636 413
18625 39750 324
591299 601530 403
439257 451666 387
131944 119426 344
29393 46589 324
131054 115794 344
326631 337266 366
102065 69481 351
131885 114543 349
604547 592983 403
323922 337460 384
118511 130455 344
63475 27164 340
358237 347144 379
356676 346001 379
590012 600944 403
18880 63124 340
69548 43251 340
325959 338528 366
213520 226764 386
131989 113734 349
3039 23729 282
79782 52990 351
39212 8729 324
133917 120592 344
213529 225399 386
13718 48921 324
105481 37688 351
324355 337892 384
452800 438772 387
111037 35326 354