1 10 20
100 200 125
201 210 89
900 1000 174
12 98 119
123 987 179
1234 9876 262
12345 98765 351
123456 987654 525
21 89 116
321 789 171
4321 6789 262
54321 56789 322
1 2 2
42 64 113
100 200 125
200 300 128
300 400 144
400 500 142
500 600 137
600 700 145
700 800 171
800 900 179
900 1000 174
1000 2000 182
2000 3000 217
3000 4000 238
4000 5000 215
5000 6000 236
6000 7000 262
7000 8000 252
8000 9000 247
9000 10000 260
10000 11000 268
11000 12000 250
12000 13000 263
13000 14000 276
14000 15000 271
15000 16000 271
16000 17000 266
17000 18000 279
18000 19000 261
19000 20000 274
20000 21000 256
21000 22000 269
22000 23000 269
23000 24000 282
24000 25000 264
25000 26000 264
26000 27000 308
28000 29000 259
29000 30000 272
30000 31000 272
31000 32000 285
32000 33000 267
33000 34000 267
34000 35000 311
35000 36000 324
37000 38000 306
38000 39000 244
39000 40000 306
40000 41000 288
41000 42000 257
42000 43000 288
43000 44000 270
44000 45000 270
45000 46000 314
47000 48000 314
48000 49000 296
49000 50000 296
50000 60000 340
60000 70000 335
70000 80000 351
80000 90000 333
90000 100000 333
100000 110000 354
110000 120000 349
120000 130000 344
130000 140000 344
150000 160000 383
160000 170000 370
170000 180000 347
180000 190000 365
190000 200000 360
210000 220000 386
220000 230000 368
230000 240000 443
240000 250000 368
250000 260000 363
260000 270000 407
270000 280000 407
290000 300000 371
300000 310000 371
310000 320000 384
320000 330000 384
330000 340000 366
340000 350000 441
350000 360000 379
360000 370000 410
370000 380000 423
380000 390000 436
390000 400000 405
400000 410000 405
410000 420000 449
420000 430000 418
430000 440000 400
440000 450000 369
450000 460000 387
460000 470000 444
470000 480000 382
480000 490000 413
490000 500000 426
500000 600000 470
600000 700000 509
700000 800000 504
800000 900000 525
900000 1000000 507
42 42 9
4346 92845 351
1 7 17
3 12 20
1 13 20
42 45 30
