1 999999 525
278052 150108 443
982440 302620 525
400079 967480 525
318925 762821 509
822954 543447 509
868156 823974 525
867422 4354 525
752355 936472 525
580732 768648 509
582471 829023 509
685162 747195 504
122691 487589 449
589591 442630 470
51217 896984 525
673604 574151 509
656280 105165 509
273225 386854 441
310853 233555 407
277388 464042 449
357296 949661 525
727943 176540 509
834359 101126 509
692167 635975 442
383842 785504 509
369370 695794 509
447257 534390 470
994704 816127 525
3727 82132 351
462529 141066 449
688646 540583 509
867824 490114 525
866439 210580 525
361207 552139 470
44918 397962 443
795158 662364 504
1059 136468 354
551183 158118 470
407724 121834 443
44423 621993 470
663761 288273 509
888862 817095 525
66598 252801 443
412738 884537 525
616910 586801 447
615177 171627 470
662057 926932 525
116231 200373 383
546764 877965 525
132989 310097 443
591226 73332 470
487303 332434 449
833374 10684 509
194130 193818 329
789255 135506 509
937155 310788 525
447919 168945 449
917300 26715 525
238579 946758 525
53145 701605 509
146750 478229 449
359156 357007 379
829010 23642 509
422072 667428 509
449637 212566 449
422669 552528 470
378143 352144 423
250679 153796 443
130487 593931 470
177207 54757 383
859611 404684 525
937607 885752 476
217326 848697 525
934320 242430 525
256804 921475 525
474429 508271 426
362468 181806 443
55789 359273 443
238742 538317 470
387165 336310 441
269246 110644 443
516247 390458 470
218145 193216 386
530227 841782 525
189899 634722 509
412107 163088 449
171680 80260 383
964951 644324 525
159326 120986 383
800300 81677 509
850628 905015 445
10297 159719 383
269378 32763 443
724313 444955 509
818421 339910 509
689496 136399 509
797248 32857 509
520127 381181 470
381729 340197 441
406251 474633 449
98767 924523 525
591526 570965 434
185870 736234 509
477783 128838 449
204173 365389 443
585655 507144 470
815808 819039 450
98890 874833 525
926506 671409 525
899995 63393 525
388008 366938 423
151550 929412 525
814056 912443 525
929269 626320 525
643065 194055 509
740961 613058 509
103669 860233 525
557087 282470 470
596966 747852 509
5799 598891 470
847863 124501 525
89965 508847 449
616991 593349 447
142727 738593 509
212739 874360 525
933761 939740 507
619649 360207 470
116691 135965 344
252767 331105 407
625413 766687 509
547125 568653 421
655769 879855 525
548518 506403 470
391977 54607 443
135801 479051 449
61160 898934 525
357265 273693 441
963874 809973 525
866148 919700 476
621586 225193 470
204468 925182 525
14815 355847 443
859561 787820 525
681885 571539 509
681468 564090 509
635946 415837 509
452095 473605 444
705496 228302 509
638704 496604 509
10828 459601 449
960500 471569 525
