1 1 1
2 2 2
1 10 20
100 200 125
201 210 89
900 1000 174
1532 15351 276
218995 334145 443
775224 775224 75
692135 692135 230
661112 661112 124
803459 803459 70
576012 576012 54
13896 869408 525
22261 854651 525
39236 843302 525
128674 128674 150
206837 296490 443
254674 254674 151
621544 621544 67
353090 353090 105
35093 347740 443
238001 484716 449
129211 460803 449
374659 374659 110
928894 928894 171
65494 65494 74
68246 738961 509
757631 757631 132
284269 284269 84
730297 931825 525
110995 821662 509
263305 870269 525
533466 766172 509
768627 768627 181
7376 796091 509
332478 765269 509
129984 129984 70
566952 637308 509
168315 251571 443
666705 666705 142
511942 819657 509
307299 963813 525
126573 426373 449
880965 880965 171
837509 837509 176
741323 852329 525
773644 773644 132
340971 461919 449
455390 455390 95
785646 785646 194
884849 884849 96
12163 12163 64
672541 931776 525
676972 676972 85
96437 96437 191
170048 370099 443
621962 621962 54
370755 879437 525
982054 982054 78
185959 814710 509
126518 126518 132
793029 793029 194
450156 719363 509
172365 444990 449
819679 997507 525
543510 593406 452
131279 131279 238
724 897247 525
377447 652296 509
235711 235711 112
992558 992558 184
415826 958718 525
301449 301449 203
268022 268022 133
976914 976914 184
800377 800377 101
755174 755174 93
264368 264368 71
920928 920928 202
615830 615830 98
824011 824011 176
531398 531398 103
827187 827187 83
159036 328330 443
96861 182553 383
62995 62995 87
4269 874521 525
668631 668631 142
456996 563846 470
528537 600502 452
217867 217867 156
473127 473127 100
238177 767731 509
328937 348073 441
513806 513806 196
654705 654705 80
835106 952925 525
678334 678334 93
160126 160126 122
509811 756171 509
653679 653679 186
358245 411252 449
151563 160236 383
504312 796280 509
770773 770773 57
531402 531402 103
619694 619694 142
201331 310631 443
101247 101247 111
571068 571068 103
16611 865600 525
820009 820009 238
324183 861917 525
678181 678181 261
266357 364240 441
701499 701499 168
508762 739520 509
62148 899443 525
880179 963238 507
191504 191504 55
166247 166247 140
478133 478133 170
480519 502174 426
708203 856080 525
168330 227126 386
654943 654943 124
370175 370175 330
40617 40617 213
21536 498337 449
193660 193660 192
74644 899784 525
122882 122882 62
186755 550199 470
204700 575307 470
519428 519428 121
159342 309332 443
693602 929697 525
729720 729720 88
23257 489741 449
456176 456176 157
156729 832795 509
782696 782696 163
743946 811108 468
818888 873852 525
678715 937728 525
266740 456325 449
611752 611752 85
842142 858182 419
37399 37399 112
903072 903072 65
62784 329692 443
384023 604510 470
343139 455304 449
417027 979332 525
286164 440876 449
406349 865830 525
559193 559193 160
452122 570656 470
250700 250700 63
208093 267183 443
293607 293607 128
668373 668373 67
324047 324047 172
72957 72957 69
12360 12360 64
62726 352987 443
589385 991325 525
431329 727620 509
563664 563664 85
424130 424130 131
483328 633333 509
976829 976829 246
58595 58595 136
633011 723448 504
574349 574349 54
998817 998817 228
868638 868638 202
383510 383510 193
204751 204751 86
269990 961646 525
341790 424327 449
739286 739286 212
370674 928145 525
131399 131399 150
350898 350898 105
578999 578999 222
918014 918014 109
671057 671057 217
198334 237452 443
841804 841804 70
812149 979286 525
462215 792791 509
114512 124839 349
223662 427034 449
862798 862798 220
338627 911320 525
124846 124846 181
171602 171602 104
290416 424748 449
