577919 609826 434
532729 578252 452
869814 887263 445
630185 847520 525
486092 585550 470
730965 904811 525
896050 963242 507
989811 991315 321
507228 674856 509
530214 974887 525
478032 703176 509
151692 678116 509
532328 954047 525
401117 584644 470
898814 981486 507
505522 600397 470
743555 906000 525
143643 962036 525
16054 567562 470
71613 475322 449
844267 947985 507
403453 412749 449
990974 996042 365
861368 935423 476
184648 635067 509
491244 512538 470
484461 942500 525
740398 833266 468
556507 736027 509
989060 993713 352
494541 601301 470
599518 693048 509
112343 762088 509
833248 934980 525
647245 868790 525
989759 992904 352
546444 553752 452
304656 668192 509
466751 731316 509
251059 915212 525
463857 867833 525
121303 476550 449
281349 964930 525
456759 748820 509
370999 913324 525
348544 357085 379
943101 986957 458
431668 549452 470
999072 999511 396
888828 985941 507
611767 724538 509
804265 909107 525
452738 926108 525
21816 949797 525
889663 993222 507
76755 202165 383
415693 593118 470
215520 375409 443
106396 876480 525
312360 695753 509
482141 612376 470
100808 930618 525
909809 929210 476
55935 618149 470
59275 65141 335
546600 674659 509
54245 708203 509
425915 828351 509
767397 801059 468
15887 946037 525
525223 837880 525
245255 639281 509
68947 880488 525
363255 807390 509
654746 798253 504
222622 440130 449
60764 767373 509
20071 875016 525
964575 986398 458
761070 803165 468
686163 906999 525
978434 989163 427
374556 805570 509
982628 984465 383
171696 963847 525
233238 992166 525
339570 536879 470
729846 863981 525
475399 601176 470
298039 672651 509
304186 806749 509
283592 295826 389
596999 755930 509
96416 735375 509
392974 601965 470
401383 836813 509
423834 718880 509
619315 858009 525
570382 723109 509
484939 863931 525
357927 481043 449
394822 888502 525
286412 687604 509
389647 654824 509
903051 923848 476
926265 951450 507
689342 867058 525
260373 403312 441
730724 899640 525
440200 925523 525
328042 830372 509
716302 883831 525
354297 763655 509
366315 694401 509
38656 886276 525
204803 477379 449
359542 409900 436
119701 561429 470
863072 915322 476
46202 389305 443
27742 48968 324
154650 491736 449
23926 666097 509
951019 968431 414
495582 704658 509
61964 70163 330
110424 494573 449
129103 992374 525
959780 961338 414
155687 993468 525
270404 622344 470
622492 691775 509
102804 680552 509
170053 713766 509
359555 375970 410
254184 664694 509
584516 717351 509
920360 989870 507
917412 977951 507
61510 155580 375
