1 10 20
100 200 125
201 210 89
900 1000 174
887 89384 351
6916 92778 351
8336 47794 324
493 85387 351
1422 16650 276
28 2363 183
60 68691 340
3927 97764 351
3427 80541 351
5737 89173 351
5369 5212 192
6430 2568 262
1531 65783 340
5124 22863 279
3136 74068 340
9803 13930 276
3059 34023 308
8168 33070 308
8457 61394 340
8043 75012 340
7374 76230 340
4920 84422 351
8538 13785 276
4325 75199 340
4371 98316 351
3527 66414 340
8981 76092 340
1874 59957 340
9171 6863 257
7282 6997 195
926 2306 183
6328 77085 351
6506 60337 340
1730 50847 324
5858 61314 340
3896 16125 276
546 19583 279
3368 98815 351
365 15435 276
3751 44044 324
6809 71088 340
7179 17277 276
3585 95789 351
2652 5404 238
2400 92755 351
5061 99933 351
3369 49677 324
13 47740 324
8587 36227 324
7540 48095 324
571 40796 324
379 51435 324
6602 97468 351
2903 10098 262
493 73318 340
757 26653 308
281 97302 351
9442 24287 282
9690 53866 340
6620 28445 308
4730 58441 340
8118 58032 340
5772 38098 324
676 34482 311
8928 20710 279
7857 4568 262
2354 79498 351
6966 54587 340
4684 55307 340
8625 6220 257
2872 51529 324
8830 5733 262
20 9504 262
3369 58271 340
6716 59709 340
8150 26341 282
724 47797 324
2246 42619 324
3452 22847 279
3556 92922 351
7489 92380 351
8229 37765 324
2351 69842 340
1501 65194 340
7765 57035 340
4915 70125 340
5857 36988 324
6492 73744 340
8366 22228 279
1937 9860 262
2552 51433 324
9229 16438 276
5408 53276 340
6122 1475 238
4396 68859 340
1238 36030 324
3794 8236 262
4429 65819 340
1012 66144 340
9530 35929 324
