967047 851367 507
446884 991540 525
607556 92781 470
587557 965645 525
180725 141531 383
293076 335880 384
703667 693748 411
290422 32311 443
217926 756875 509
751804 792039 468
443541 162679 449
748979 529867 509
553705 604116 434
173583 528794 470
52159 146967 375
775379 181927 509
307870 219883 443
122706 395007 443
607202 304389 470
972360 879480 507
944826 417759 525
438092 430406 387
689876 582324 509
322702 150212 443
722723 739138 424
840395 523533 525
216204 714511 509
225361 601042 470
809238 640660 504
762918 9232 509
275668 112493 443
441026 66822 449
15348 810863 509
827532 755115 468
504150 65848 449
208892 638845 509
10877 646432 509
4750 89829 351
708240 907397 525
271738 298354 389
740834 379344 509
704399 264549 509
277798 486096 449
868042 486980 525
619445 75253 470
887733 567101 525
462937 599415 470
139482 462768 449
634479 71829 509
178943 957300 525
432479 248139 449
65987 268220 443
629530 479086 509
136989 415885 449
68125 999299 525
83643 156715 383
981421 647252 525
991827 725276 525
239357 36310 443
150316 750679 509
668163 618399 509
526641 307882 470
784553 555471 509
841260 704904 525
590083 653521 509
351498 756841 509
317714 954220 525
204764 747245 509
763352 947924 525
822933 153481 509
643931 496033 509
936632 122662 525
669962 63450 509
378249 262665 441
492078 755245 509
593707 850525 525
341269 740427 509
819882 728301 468
514709 759527 509
404820 935747 525
570997 693812 509
323233 400913 441
20433 556505 470
763689 606662 509
313771 275630 389
820776 780432 468
54356 316039 443
185475 413834 449
897283 646697 525
927717 796519 525
691173 506462 509
90262 152523 375
476006 444868 444
342810 437591 449
358258 229284 443
984352 802522 525
731000 694531 504
51112 916986 525
708857 935548 525
643927 576395 509
420943 1994 449
663620 396637 509
995431 276626 525
526737 733626 509
631910 486313 509
514496 576448 452
795009 53537 509
62808 123712 354
272121 447556 449
573220 651450 509
509756 298226 449
192009 949544 525
128042 37392 354
874261 466944 525
742592 298379 509
90516 369381 443
895193 907038 445
575458 454258 470
748056 854179 525
721430 332462 509
29688 919579 525
175223 73102 383
217611 977564 525
73242 137014 354
889953 475244 525
849393 224292 525
423116 916846 525
186543 851785 525
203891 597871 470
43488 798749 509
