1 10 20
100 200 125
201 210 89
900 1000 174
3 29 112
6 10 20
10 30 112
30 40 107
80 90 111
66 88 116
10 20 21
486026 719622 509
67 88 116
777 123 179
1 999999 525
88 67 116
90 80 111
222 3333 217
366 222 144
22 333 144
1 1000000 525
22 111 119
111 22 119
314 43143 324
314 143 131
1148 1341 182
2580 254 209
34 413 144
143 1431 182
134 1423 182
1000 111 179
31 11 112
11 31 112
134 14311 276
13 123 119
55 188 125
143 13111 268
113 1349 182
43131 41 324
413 1000 179
41 122 119
33 1111 179
413 143134 375
332 1111 179
21 3333 217
332 1111 179
555 12011 268
22 22222 279
419 1 144
21 2222 182
22 8999 262
33 3333 217
67 888888 525
6 9 20
9 6 20
999 8 179 
7 22222 279
7 11 20
55 1111 179
33 11111 268
11 44 112
6 77789 351
33 2 112
78 99 119
6 111 119
33 35 27
33 33 27
35 33 27
8 88 116
88 8 116
7 777 171
777 7 171
76 666 145
388 888 179
78 88888 351
7 2666 209
7 1777 182
99 222222 386
6 20 21
7 888888 525
22 45123 324
3 111111 354
3 178 125
4 1 3
3 111190 354
7 904 179
904 7 179
7 88810 351
26 666 145
31 900 179
45 5555 238
7 8678 262
45 1223 182
34 5555 238
44 1220 182
334 2213 182
33 1120 179
2000 4 182
4 2000 182
22 12 21
12 21 21
33 122 119
122 39 119
3 1231 182
4 122 119
