1 608932 470
2 30530 308
3 107384 354
4 166725 383
5 545119 470
6 69597 340
7 605576 470
8 602231 470
9 14966 276
10 195532 383
11 920425 525
12 690313 509
13 958189 525
14 201671 383
15 115020 354
16 731006 509
17 770318 509
18 506139 449
19 343862 443
20 697855 509
21 121498 354
22 558669 470
23 658182 509
24 250757 443
25 226992 386
26 486474 449
27 875224 525
28 891166 525
29 419120 449
30 407543 443
31 729642 509
32 977736 525
33 409875 443
34 266957 443
35 877023 525
36 272232 443
37 104076 351
38 735562 509
39 364566 443
40 450281 449
41 913236 525
42 189795 383
43 897259 525
44 107891 354
45 154174 375
46 143967 375
47 912049 525
48 137064 354
49 708665 509
50 909816 525
51 264506 443
52 920776 525
53 836498 509
54 523856 470
55 336551 443
56 578894 470
57 507201 449
58 294942 443
59 784781 509
60 223902 386
61 360319 443
62 520936 470
63 934665 525
64 566073 470
65 263674 443
66 346614 443
67 66865 340
68 267929 443
69 968029 525
70 442497 449
71 309842 443
72 507614 449
73 735714 509
74 920698 525
75 59373 340
76 873660 525
77 605325 470
78 676762 509
79 416703 449
80 90673 351
81 68357 340
82 201309 383
83 344505 443
84 440929 449
85 122581 354
86 984213 525
87 841877 525
88 371043 443
89 228788 386
90 586611 470
91 430741 449
92 481235 449
93 229821 386
94 150025 375
95 241551 443
96 552117 470
97 653697 509
98 62915 340
99 375792 443
100 804120 509
101 964858 525
102 188449 383
103 377705 443
104 345997 443
105 231191 443
106 395137 443
107 707703 509
108 194108 383
109 363732 443
110 60384 340
111 183869 383
112 641783 509
113 556512 470
114 234134 443
115 295797 443
116 446638 449
117 814274 509
118 136799 354
119 586529 470
120 277081 443
121 379867 443
122 287365 443
123 529007 470
124 951272 525
125 361453 443
126 279601 443
127 496298 449
128 376744 443
129 154159 375
