1 10 20
100 200 125
201 210 89
900 1000 174
1 10 20
100 200 125
201 210 89
900 1000 174
4 4 3
9 9 20
10 13 15
17 18 21
7 13 20
8 18 21
202 331 144
212 356 144
433 491 142
396 475 134
389 402 121
237 244 97
227 248 128
148 785 171
316 418 144
228 264 128
465 511 142
255 387 144
312 641 144
308 544 144
446 464 129
325 178 131
244 593 144
263 665 145
231 461 144
501 370 142
289 113 128
486 840 171
243 288 123
294 921 179
120 679 145
138 249 128
595 146 144
383 808 171
202 485 144
533 495 124
398 541 142
253 896 179
249 384 144
308 981 179
236 131 128
156 233 128
341 317 144
575 328 142
484 801 171
623 882 179
376 351 126
522 1069 179
451 769 171
577 377 142
673 283 145
272 966 179
187 662 145
420 614 142
642 491 142
406 1070 179
202 808 171
365 389 121
594 684 145
162 1126 179
680 331 145
415 371 134
184 679 145
310 611 144
301 526 144
283 253 123
509 1186 182
275 805 171
548 1037 179
532 409 142
314 1176 182
426 305 144
626 424 142
626 1156 179
764 1286 182
515 690 145
418 477 129
523 610 137
269 898 179
719 1302 182
330 585 142
194 634 144
831 183 171
585 1171 182
763 694 171
635 612 132
438 899 179
592 1175 182
767 308 171
370 1154 179
215 239 128
595 609 132
717 813 153
384 585 142
704 1357 182
760 1066 179
449 622 142
622 679 145
333 229 144
489 1379 182
266 738 171
497 1179 182
942 903 174
841 567 171
10 512 144
952 269 179
27 23 112
33 37 27
11 18 21
15 79 116
37 44 110
57 43 113
58 41 113
44 63 113
17 77 116
33 79 116
66 88 116
43 92 116
91 39 116
76 50 116
72 86 116
41 108 119
48 161 122
32 44 110
83 133 122
69 126 119
48 178 125
72 36 113
43 59 113
51 31 110
149 163 99
56 229 125
139 99 122
155 90 122
160 112 122
143 157 117
146 100 122
53 169 122
72 130 122
172 79 125
181 158 125
81 147 122
131 89 122
101 250 128
108 53 119
69 52 113
125 339 144
172 142 125
197 220 120
91 181 125
227 351 144
57 62 108
258 178 128
66 90 116
86 222 125
85 124 119
163 445 144
222 144 125
201 299 128
77 160 122
117 423 144
73 465 144
222 459 144
257 267 123
105 489 144
84 476 144
96 93 106
282 475 144
326 219 131
329 300 144
336 331 113
278 415 144
341 557 142
141 313 131
185 377 144
282 108 128
271 322 131
306 538 144
131 520 144
188 344 144
337 184 144
