701743 201037 509
212017 13134 383
572556 815799 509
551364 144950 470
605684 369281 470
109078 317575 443
351457 313704 441
536459 275292 470
412956 229847 449
75245 315354 443
702924 828618 504
176069 518627 470
605664 836334 509
161071 206919 373
236724 435429 449
34397 452442 449
577699 522566 452
59723 58368 273
174378 628640 509
559610 194212 470
760277 415966 509
54955 337192 443
784072 549894 509
98137 643863 509
534156 351964 470
453843 270038 449
768148 459716 509
269237 559225 470
521546 755461 509
336419 241427 407
209467 501512 449
411906 46469 449
133244 831552 509
522194 595607 452
549016 710947 509
390475 718340 509
426743 687478 509
470514 662415 509
743020 367496 509
776377 323828 509
744091 803861 468
798865 417882 509
749413 94890 509
649932 814404 504
232817 3176 443
555987 659846 509
36345 202177 383
131105 536469 470
509326 555552 470
313594 829847 509
916 3664 217
399 1596 182
679 2037 182
193 386 144
331 1655 182
300 1200 182
524 524 31
267 534 144
135 405 144
638 2552 209
904 3616 217
620 2480 209
152 304 128
275 550 144
891 1782 182
411 411 134
437 1311 182
152 760 171
820 1640 182
462 1848 182
297 297 74
791 3164 217
392 392 28
304 912 179
375 1875 182
553 1106 179
596 1788 182
747 1494 182
591 2364 183
645 1935 182
462 1386 182
999 3996 238
310 1240 182
815 815 135
927 3708 217
977 2931 217
345 1035 179
321 642 144
683 2049 182
492 1968 182
802 802 21
892 2676 209
478 956 179
171 513 144
768 768 16
79 237 128
920 2760 209
340 340 12
212 848 171
311 622 144
954 3816 238
870 2610 209
486 2430 183
13 52 112
967 4835 238
891 4455 238
235 235 128
931 4655 238
35 140 122
14 70 113
370 740 171
790 3160 217
879 3516 217
206 206 89
33 132 122
933 1866 182
826 826 91
177 708 171
964 964 24
423 846 171
344 344 33
681 3405 217
22 88 116
641 1923 182
127 508 144
210 1050 179
918 3672 217
646 646 101
189 378 144
809 4045 238
571 1142 179
60 240 128
523 1046 179
550 1100 179
880 880 117
69 138 122
420 840 171
378 1512 182
400 800 171
386 1544 182
534 2670 209
401 401 20
874 3496 217
114 456 144
159 159 55
129 258 128
957 957 55
65 260 128
480 960 179
585 585 57
901 2703 209
241 241 22
973 4865 238
658 2632 209
820 4100 238
491 491 142
891 4455 238
505 1515 182
305 1525 182
998 1996 182
784 2352 183
746 1492 182
508 1016 179
519 1557 182
871 2613 209
14 56 113
479 1437 182
415 1660 182
745 1490 182
669 2007 182
110 220 125
320 1600 182
899 2697 209
988 3952 238
567 1134 179
439 439 54
782 3128 217
736 2944 217
595 1785 182
251 502 144
842 3368 217
809 1618 182
562 2248 183
708 2832 209
633 3165 217
896 2688 209
530 2650 209
804 1608 182
866 2598 209
552 1656 182
337 1348 182
761 3805 238
635 635 31
312 1560 182
230 690 145
632 632 39
878 2634 209
558 2232 183
291 1455 182
515 515 124
