30887 89384 351
36916 92778 351
38336 47794 314
60493 85387 351
41422 16650 324
90028 2363 351
20060 68691 340
13927 97764 351
83427 80541 320
55737 89173 351
95369 5212 351
56430 2568 340
21531 65783 340
65124 22863 340
3136 74068 340
79803 13930 351
23059 34023 308
98168 33070 351
18457 61394 340
78043 75012 351
77374 76230 351
44920 84422 351
98538 13785 351
94325 75199 351
64371 98316 351
3527 66414 340
68981 76092 325
41874 59957 340
99171 6863 351
97282 6997 351
20926 2306 279
36328 77085 351
26506 60337 340
21730 50847 324
25858 61314 340
53896 16125 340
546 19583 279
33368 98815 351
90365 15435 351
13751 44044 324
26809 71088 340
47179 17277 324
93585 95789 328
2652 5404 238
12400 92755 351
95061 99933 328
93369 49677 351
10013 47740 324
98587 36227 351
97540 48095 351
80571 40796 351
60379 51435 340
66602 97468 351
12903 10098 268
70493 73318 325
60757 26653 340
60281 97302 351
9442 24287 282
29690 53866 340
46620 28445 324
44730 58441 340
8118 58032 340
5772 38098 324
90676 34482 351
98928 20710 351
77857 4568 351
72354 79498 351
76966 54587 335
64684 55307 335
28625 6220 308
32872 51529 324
48830 5733 324
30020 9504 308
63369 58271 335
86716 59709 351
18150 26341 282
724 47797 324
2246 42619 324
93452 22847 351
43556 92922 351
97489 92380 328
88229 37765 351
92351 69842 351
41501 65194 340
87765 57035 351
24915 70125 340
75857 36988 340
46492 73744 340
48366 22228 324
81937 9860 351
52552 51433 340
99229 16438 351
75408 53276 335
76122 1475 340
94396 68859 351
61238 36030 340
73794 8236 340
94429 65819 351
31012 66144 340
39530 35929 306
22405 18777 274
55764 64444 335
54539 14614 340
36841 18607 324
44819 2905 324
70689 35129 340
67918 97370 351
66997 69918 312
87744 43325 351
12184 59471 340
95500 98491 297
6726 89773 351
55591 85645 351
68140 17506 340
69787 2955 340
38083 7670 324
88465 8543 351
39508 10198 324
28805 59356 340
78612 76349 351
27829 73623 340
87344 49300 351
35569 95747 351
55423 54341 260
13811 23312 279
21802 67606 340
73731 25662 340
11306 44879 324
78737 29321 351
48627 79445 351
3466 48523 324
73417 86709 351
13259 8283 276
67638 12925 340
5625 42063 324
32037 62601 340
11900 33453 308
45551 19380 324
90072 47469 351
87132 974 351
84931 3882 351
45895 8934 324
70164 58661 335
87982 57200 351
52997 48900 340
13774 52960 340
39669 72814 340
81096 87191 333
16467 52927 340
11341 65085 340
27685 22091 308
55543 43377 340
79108 55937 351
19757 17446 279
18419 69180 340
89413 6888 351
32173 3349 308
62010 51660 340
25211 2337 282
67588 66343 281
19302 78207 351
67373 97714 351
1256 75322 340
44600 64820 340
29905 17722 308
39812 55940 340
15668 73941 340
46229 11706 324
29151 11128 308
96659 65985 351
89225 63921 351
67270 2423 340
54082 21397 340
40085 45631 314
11973 79293 351
73851 7673 340
5386 47626 324
39300 41223 306
6043 6641 262
40714 83899 351
56191 52299 340
42591 80525 351
8582 88210 351
99337 88820 333
71156 37733 340
18005 95995 351
14770 60380 340
81777 85274 320
47256 68851 340
48143 21861 324
45885 75580 340
23206 21994 269
79568 67622 351
90614 62505 351
62755 1962 340
54260 31327 340
28203 18945 308
23507 13203 279
2022 36785 324
90869 22843 351
