1 10 20
100 200 125
201 210 89
900 1000 174
364161 517935 470
588353 429977 470
122151 513393 470
857621 285693 525
427361 255231 449
31873 633660 509
212974 676059 509
395349 5612 443
560913 233829 470
388569 52470 443
226059 500252 449
757325 507443 509
466276 719818 509
322210 171133 443
835872 735787 468
175579 674547 509
524328 539548 408
897801 610524 525
384521 443458 449
723275 460857 509
464755 381014 449
118982 357715 443
588446 898063 525
527744 325265 470
685269 831961 504
235365 939283 525
447194 1572 449
712393 38439 509
604898 81699 470
907447 41479 525
507576 25897 449
48614 77862 351
302259 69444 443
33577 711 308
263212 53298 443
571932 51220 470
645510 52358 509
274279 68911 443
691867 85090 509
134878 11194 354
928131 30364 525
31677 22684 308
617672 65335 470
440756 62551 449
368948 73011 443
356846 45475 443
386667 18323 443
215021 90926 383
803822 59781 509
402118 19020 443
674948 97747 509
913867 95369 525
256444 82114 443
227619 19741 386
810268 87029 509
562838 88384 470
493457 33871 449
855883 77489 525
917647 70297 525
979107 58058 525
49465 72169 340
864748 73819 525
279171 17414 443
261024 38389 443
966184 54685 525
520551 48275 470
722958 52418 509
220079 85533 386
165711 12022 383
961219 14918 525
178485 74186 383
534611 76961 470
709918 77975 509
683117 76559 509
530743 3456 470
41334 89692 351
584995 61546 470
78227 19174 351
878896 1948 525
915372 57980 525
434654 71187 449
377473 63681 443
449451 14986 449
221273 97425 386
792206 42506 509
318335 64265 443
880083 46444 525
441138 55266 449
329391 79856 443
133920 77223 354
544688 10405 470
37981 26734 324
546408 33344 470
605381 30786 470
66324 28956 340
378244 8455 443
353683 24657 443
579515 76338 470
403009 70111 443
119585 3179 354
186404 30479 383
938183 86642 525
514494 63861 470
718354 57431 509
395066 5859 443
59995 46751 340
664184 76630 509
272099 3476 443
947040 37201 525
740846 96197 509
844215 68578 525
212819 30830 383
153292 47282 375
839350 28318 525
942099 13386 525
499417 38709 449
990071 88797 525
241038 12691 443
1257 72662 340
735034 88364 509
750201 85470 509
7814 92736 351
859715 70178 525
410510 2274 449
958595 91827 525
212245 71371 383
687967 52518 509
268865 43687 443
622075 42379 470
938500 36027 525
669150 60885 509
841015 84757 525
589366 81638 470
930331 18415 525
683367 84137 509
921835 68231 525
750131 8550 509
573775 60847 470
980903 12355 525
38919 93785 351
154608 99558 375
169106 63107 383
733670 87165 509
937052 48459 525
195926 52423 383
988828 46742 525
