600437 626181 447
164284 232622 443
648673 679940 442
744959 824349 468
334377 390554 441
559235 571213 421
391348 404263 405
275471 362597 441
146382 162517 383
286252 298870 389
496741 533695 470
382516 385650 348
380174 434443 449
77573 162401 383
101419 186996 383
207957 220704 386
281538 344398 389
557600 641394 509
183827 243430 443
553439 580578 421
252588 258173 363
274922 282604 389
790219 798849 468
159107 217769 386
246710 277040 407
263357 312917 407
131506 174513 383
677935 720237 504
178850 211592 373
233409 299338 407
705183 710997 380
161772 241984 443
303512 355580 441
130546 142940 375
466564 554768 470
339524 372359 441
266731 309858 407
228012 267279 443
720289 752424 424
237574 276973 407
81025 131635 354
73675 123782 354
40026 67227 340
564415 648803 509
51495 75495 340
690649 776797 504
483330 541140 470
711230 715903 411
179543 263802 443
350924 426431 449
279424 330784 389
733275 808274 468
116944 142786 375
261669 327705 407
54449 147344 375
470536 549357 470
22567 101211 351
436874 499873 444
188994 221218 386
155474 254343 443
109192 145707 375
255799 275157 407
734382 743440 424
144095 152391 370
322754 415274 449
717960 730173 411
627028 725112 504
463469 533067 470
391333 429293 449
796299 887159 525
341144 350014 441
677033 774655 504
75894 92623 351
466024 499880 426
85686 183809 383
683246 687904 398
74358 77319 351
103353 187697 383
634352 637944 416
666825 671520 367
766607 865615 525
619181 679548 509
97653 111558 354
180153 243831 443
211268 211889 311
789285 855257 525
98233 124597 354
689815 694022 442
513103 597555 452
408831 505130 449
657490 725044 504
505695 570789 470
120833 200880 383
42797 90804 351
77352 110015 354
397306 470701 449
491835 559579 470
677091 717557 504
331231 412834 449
355360 447720 449
665248 671912 398
241661 278429 407
703158 716770 504
689003 702616 442
427746 432198 374
759220 778812 468
141683 159174 383
726568 758335 424
586155 608707 403
452370 463979 444
564671 569831 421
187031 273691 443
132013 175009 383
650879 677055 442
113452 154048 375
87368 183024 383
114969 178110 383
725417 746646 424
526983 537073 377
495295 588072 470
