1 10 20
100 200 125
100 1000 179
201 210 89
900 1000 174
10336 15099 276
10887 19654 279
1122 801 179
11330 15232 276
11351 11101 237
12123 11028 250
12137 21786 279
125 2423 183
12761 8554 268
12847 28726 308
13112 16422 276
13166 31562 308
133 16956 276
13421 14771 271
1412 4869 238
14146 22407 279
14325 29816 308
1451 7699 262
14551 25438 282
146 20953 279
14739 6450 276
14965 2608 276
151 1407 182
15716 3657 276
16 13130 268
1609 12493 268
16578 12871 276
169 524 144
16976 18748 279
173 63704 340
17412 113 276
17633 12699 276
178 373 144
17800 32518 308
1867 1638 180
188 2231 183
19000 20634 274
1919 9075 262
1948 11593 268
19973 18276 274
20106 21929 256
20212 32004 308
2030 10137 262
20338 831 279
20394 19959 243
20508 7440 279
21206 8121 279
21417 15592 279
21614 9596 279
219 31522 308
22112 15389 279
2221 10732 262
22335 7538 279
22514 5236 279
22574 21883 269
22917 16840 279
22946 16134 279
23 311 128
230 1576 182
23359 22456 269
23960 11675 282
2415 10570 262
24247 4705 282
24434 18234 282
24476 6700 282
24452 30671 308
24624 184173 383
24693 15052 282
250 413 144
25252 25252 158
253430 498 443
25428 18896 282
26989 7101 308
2724 27447 308
27491 25277 308
27681 4348 308
28220 20017 308
28646 8124 308
28867 10660 308
29346 3164 308
30533 4372 308
30747 27882 272
31326 14827 308
31695 4426 308
317 17929 279
31826 2960 308
32014 16957 308
3203 30748 308
32094 16192 308
3230 14935 276
3390 3223 181
4537 3537 238
553545 556 470
64 1915 182
6462 796 262
7025 15252 276
738 1747 182
7394 24769 282
884 438 179
92049 106490 354
9071 31069 308
9791 20635 279
